<?xml version="1.0" encoding="utf-8"?><testsuites name="pytest tests"><testsuite name="pytest" errors="1" failures="0" skipped="84" tests="1797" time="232.453" timestamp="2025-12-19T14:27:13.563058+09:00" hostname="adminui-MacBookPro.local"><testcase classname="tests.api.lssp.test_legal_grounds.TestListLegalGrounds" name="test_list_legal_grounds_success" time="0.269" /><testcase classname="tests.api.lssp.test_legal_grounds.TestGetLegalGround" name="test_get_legal_ground_success" time="0.028" /><testcase classname="tests.api.lssp.test_legal_grounds.TestGetLegalGround" name="test_get_legal_ground_not_found" time="0.027" /><testcase classname="tests.api.lssp.test_legal_grounds.TestCaseLegalGroundLinks" name="test_add_case_legal_ground" time="0.030" /><testcase classname="tests.api.lssp.test_legal_grounds.TestCaseLegalGroundLinks" name="test_add_case_legal_ground_invalid_code" time="0.031" /><testcase classname="tests.api.lssp.test_legal_grounds.TestCaseLegalGroundLinks" name="test_get_case_legal_grounds" time="0.029" /><testcase classname="tests.api.lssp.test_pipeline.TestListPipelineRules" name="test_list_pipeline_rules_success" time="0.030" /><testcase classname="tests.api.lssp.test_pipeline.TestListPipelineRules" name="test_list_pipeline_rules_filter_by_evidence_type" time="0.027" /><testcase classname="tests.api.lssp.test_pipeline.TestListCandidates" name="test_list_candidates_success" time="0.029" /><testcase classname="tests.api.lssp.test_pipeline.TestListCandidates" name="test_list_candidates_filter_by_status" time="0.029" /><testcase classname="tests.api.lssp.test_pipeline.TestUpdateCandidate" name="test_update_candidate_accept" time="0.030" /><testcase classname="tests.api.lssp.test_pipeline.TestUpdateCandidate" name="test_update_candidate_reject_with_reason" time="0.030" /><testcase classname="tests.api.lssp.test_pipeline.TestUpdateCandidate" name="test_update_candidate_not_found" time="0.034" /><testcase classname="tests.api.lssp.test_pipeline.TestPromoteCandidates" name="test_promote_candidates_success" time="0.033" /><testcase classname="tests.api.lssp.test_pipeline.TestPromoteCandidates" name="test_promote_candidates_empty_list" time="0.027" /><testcase classname="tests.api.lssp.test_pipeline.TestPipelineStats" name="test_get_pipeline_stats_success" time="0.030" /><testcase classname="tests.api.lssp.test_pipeline.TestSeedKeypointRules" name="test_seed_keypoint_rules_imports_correctly" time="0.000" /><testcase classname="tests.api.lssp.test_pipeline.TestSeedKeypointRules" name="test_seed_keypoint_rules_with_mock_db" time="0.003" /><testcase classname="tests.contract.test_assets.TestAssetsListEndpoint" name="test_list_assets_empty" time="0.591" /><testcase classname="tests.contract.test_assets.TestAssetsListEndpoint" name="test_list_assets_with_data" time="0.265" /><testcase classname="tests.contract.test_assets.TestAssetsListEndpoint" name="test_list_assets_filter_by_category" time="0.269" /><testcase classname="tests.contract.test_assets.TestAssetsListEndpoint" name="test_list_assets_unauthorized" time="0.261" /><testcase classname="tests.contract.test_assets.TestAssetCreateEndpoint" name="test_create_asset_success" time="0.266" /><testcase classname="tests.contract.test_assets.TestAssetCreateEndpoint" name="test_create_asset_validation_error" time="0.260" /><testcase classname="tests.contract.test_assets.TestAssetUpdateEndpoint" name="test_update_asset_success" time="0.272" /><testcase classname="tests.contract.test_assets.TestAssetUpdateEndpoint" name="test_update_asset_not_found" time="0.263" /><testcase classname="tests.contract.test_assets.TestAssetDeleteEndpoint" name="test_delete_asset_success" time="0.272" /><testcase classname="tests.contract.test_assets.TestDivisionCalculateEndpoint" name="test_calculate_division_success" time="0.276" /><testcase classname="tests.contract.test_assets.TestDivisionCalculateEndpoint" name="test_calculate_division_with_different_ratios" time="0.284" /><testcase classname="tests.contract.test_assets.TestAssetExportEndpoint" name="test_export_assets_csv" time="0.270" /><testcase classname="tests.contract.test_assets.TestAssetSummaryEndpoint" name="test_get_summary_with_calculation" time="0.285" /><testcase classname="tests.contract.test_auth_cookies.TestLoginCookieHeaders" name="test_login_should_set_access_token_cookie" time="0.549" /><testcase classname="tests.contract.test_auth_cookies.TestLoginCookieHeaders" name="test_login_should_set_refresh_token_cookie" time="0.532" /><testcase classname="tests.contract.test_auth_cookies.TestLoginCookieHeaders" name="test_access_token_cookie_should_be_httponly" time="0.531" /><testcase classname="tests.contract.test_auth_cookies.TestCookieSettingsValidator" name="test_local_env_uses_default_cookie_settings" time="0.021" /><testcase classname="tests.contract.test_auth_cookies.TestCookieSettingsValidator" name="test_dev_env_auto_configures_cross_origin_cookies" time="0.004" /><testcase classname="tests.contract.test_auth_cookies.TestCookieSettingsValidator" name="test_prod_env_auto_configures_cross_origin_cookies" time="0.005" /><testcase classname="tests.contract.test_auth_cookies.TestCookieSettingsValidator" name="test_samesite_none_requires_secure_true" time="0.005" /><testcase classname="tests.contract.test_auth_cookies.TestSignupCookieHeaders" name="test_signup_should_set_access_token_cookie" time="0.280" /><testcase classname="tests.contract.test_auth_cookies.TestSignupCookieHeaders" name="test_signup_should_set_refresh_token_cookie" time="0.286" /><testcase classname="tests.contract.test_auth_cookies.TestLogoutClearsCookies" name="test_logout_should_clear_access_token_cookie" time="0.716" /><testcase classname="tests.contract.test_auth_cookies.TestCookiePathSettings" name="test_access_token_cookie_path_is_root" time="0.527" /><testcase classname="tests.contract.test_auth_cookies.TestCookiePathSettings" name="test_refresh_token_cookie_path_is_auth" time="0.526" /><testcase classname="tests.contract.test_auth_roles.TestSignupWithClientRole" name="test_should_create_user_with_client_role" time="0.277" /><testcase classname="tests.contract.test_auth_roles.TestSignupWithClientRole" name="test_should_allow_client_to_login_after_signup" time="0.526" /><testcase classname="tests.contract.test_auth_roles.TestSignupWithDetectiveRole" name="test_should_create_user_with_detective_role" time="0.273" /><testcase classname="tests.contract.test_auth_roles.TestSignupWithDetectiveRole" name="test_should_allow_detective_to_login_after_signup" time="0.532" /><testcase classname="tests.contract.test_auth_roles.TestSignupDefaultRole" name="test_should_default_to_lawyer_when_no_role_specified" time="0.274" /><testcase classname="tests.contract.test_auth_roles.TestSignupInvalidRole" name="test_should_reject_invalid_role" time="0.025" /><testcase classname="tests.contract.test_auth_roles.TestRoleEnumValues" name="test_user_role_enum_contains_client" time="0.000" /><testcase classname="tests.contract.test_auth_roles.TestRoleEnumValues" name="test_user_role_enum_contains_detective" time="0.000" /><testcase classname="tests.contract.test_auth_roles.TestRoleEnumValues" name="test_user_role_enum_has_all_expected_roles" time="0.000" /><testcase classname="tests.contract.test_billing.TestGetInvoiceList" name="test_should_return_invoice_list_for_lawyer" time="0.300" /><testcase classname="tests.contract.test_billing.TestGetInvoiceList" name="test_should_reject_unauthenticated_request" time="0.024" /><testcase classname="tests.contract.test_billing.TestGetInvoiceList" name="test_should_reject_client_role" time="0.282" /><testcase classname="tests.contract.test_billing.TestGetInvoiceList" name="test_should_reject_detective_role" time="0.282" /><testcase classname="tests.contract.test_billing.TestGetInvoiceList" name="test_should_filter_by_status" time="0.283" /><testcase classname="tests.contract.test_billing.TestGetInvoiceList" name="test_should_filter_by_case_id" time="0.288" /><testcase classname="tests.contract.test_billing.TestCreateInvoice" name="test_should_reject_unauthenticated_request" time="0.026" /><testcase classname="tests.contract.test_billing.TestCreateInvoice" name="test_should_reject_client_role" time="0.287" /><testcase classname="tests.contract.test_billing.TestCreateInvoice" name="test_should_reject_detective_role" time="0.284" /><testcase classname="tests.contract.test_billing.TestCreateInvoice" name="test_should_require_case_id" time="0.291" /><testcase classname="tests.contract.test_billing.TestCreateInvoice" name="test_should_require_amount" time="0.287" /><testcase classname="tests.contract.test_billing.TestCreateInvoice" name="test_should_create_invoice_with_valid_data" time="0.593" /><testcase classname="tests.contract.test_billing.TestGetInvoiceDetail" name="test_should_reject_unauthenticated_request" time="0.024" /><testcase classname="tests.contract.test_billing.TestGetInvoiceDetail" name="test_should_return_404_for_nonexistent_invoice" time="0.285" /><testcase classname="tests.contract.test_billing.TestUpdateInvoice" name="test_should_reject_unauthenticated_request" time="0.027" /><testcase classname="tests.contract.test_billing.TestUpdateInvoice" name="test_should_reject_client_role" time="0.286" /><testcase classname="tests.contract.test_billing.TestUpdateInvoice" name="test_should_return_404_for_nonexistent_invoice" time="0.282" /><testcase classname="tests.contract.test_billing.TestDeleteInvoice" name="test_should_reject_unauthenticated_request" time="0.023" /><testcase classname="tests.contract.test_billing.TestDeleteInvoice" name="test_should_reject_client_role" time="0.285" /><testcase classname="tests.contract.test_billing.TestDeleteInvoice" name="test_should_return_404_for_nonexistent_invoice" time="0.283" /><testcase classname="tests.contract.test_billing.TestClientPayment" name="test_should_reject_unauthenticated_request" time="0.026" /><testcase classname="tests.contract.test_billing.TestClientPayment" name="test_should_reject_lawyer_role" time="0.277" /><testcase classname="tests.contract.test_billing.TestClientPayment" name="test_should_reject_detective_role" time="0.284" /><testcase classname="tests.contract.test_billing.TestClientPayment" name="test_should_return_404_for_nonexistent_invoice" time="0.287" /><testcase classname="tests.contract.test_billing.TestClientPayment" name="test_should_require_payment_method" time="0.282" /><testcase classname="tests.contract.test_billing.TestClientInvoiceList" name="test_should_return_invoice_list_for_client" time="0.298" /><testcase classname="tests.contract.test_billing.TestClientInvoiceList" name="test_should_reject_unauthenticated_request" time="0.027" /><testcase classname="tests.contract.test_billing.TestClientInvoiceList" name="test_should_reject_lawyer_role" time="0.337" /><testcase classname="tests.contract.test_billing.TestInvoiceSchemaValidation" name="test_invoice_out_should_have_required_fields" time="0.566" /><testcase classname="tests.contract.test_billing.TestInvoiceSchemaValidation" name="test_invoice_status_enum_values" time="0.547" /><testcase classname="tests.contract.test_calendar_read.TestGetCalendarEvents" name="test_get_events_empty" time="0.294" /><testcase classname="tests.contract.test_calendar_read.TestGetCalendarEvents" name="test_get_events_with_date_range" time="0.284" /><testcase classname="tests.contract.test_calendar_read.TestGetCalendarEvents" name="test_get_events_requires_auth" time="0.031" /><testcase classname="tests.contract.test_calendar_read.TestGetCalendarEvents" name="test_get_events_returns_event_type_colors" time="0.284" /><testcase classname="tests.contract.test_calendar_read.TestGetCalendarEvents" name="test_get_events_with_case_linkage" time="0.297" /><testcase classname="tests.contract.test_calendar_read.TestGetUpcomingEvents" name="test_get_upcoming_events_default" time="0.287" /><testcase classname="tests.contract.test_calendar_read.TestGetUpcomingEvents" name="test_get_upcoming_events_custom_days" time="0.285" /><testcase classname="tests.contract.test_calendar_read.TestGetUpcomingEvents" name="test_get_upcoming_sorted_by_start_time" time="0.287" /><testcase classname="tests.contract.test_calendar_read.TestGetReminders" name="test_get_reminders_returns_due_reminders" time="0.295" /><testcase classname="tests.contract.test_calendar_read.TestCalendarAccessControl" name="test_user_only_sees_own_events" time="0.405" /><testcase classname="tests.contract.test_calendar_read.TestCalendarAccessControl" name="test_client_cannot_access_calendar" time="0.298" /><testcase classname="tests.contract.test_calendar_read.TestEventTypeColors" name="test_event_types_have_colors" time="0.288" /><testcase classname="tests.contract.test_calendar_write.TestCreateCalendarEvent" name="test_create_event_minimal" time="0.297" /><testcase classname="tests.contract.test_calendar_write.TestCreateCalendarEvent" name="test_create_event_full" time="0.309" /><testcase classname="tests.contract.test_calendar_write.TestCreateCalendarEvent" name="test_create_event_invalid_type" time="0.287" /><testcase classname="tests.contract.test_calendar_write.TestCreateCalendarEvent" name="test_create_event_missing_title" time="0.288" /><testcase classname="tests.contract.test_calendar_write.TestCreateCalendarEvent" name="test_create_event_missing_start_time" time="0.282" /><testcase classname="tests.contract.test_calendar_write.TestCreateCalendarEvent" name="test_create_event_requires_auth" time="0.025" /><testcase classname="tests.contract.test_calendar_write.TestCreateCalendarEvent" name="test_create_event_invalid_case_id" time="0.277" /><testcase classname="tests.contract.test_calendar_write.TestCreateCalendarEvent" name="test_create_event_default_reminder" time="0.281" /><testcase classname="tests.contract.test_calendar_write.TestUpdateCalendarEvent" name="test_update_event_title" time="0.290" /><testcase classname="tests.contract.test_calendar_write.TestUpdateCalendarEvent" name="test_update_event_type" time="0.285" /><testcase classname="tests.contract.test_calendar_write.TestUpdateCalendarEvent" name="test_update_event_time" time="0.321" /><testcase classname="tests.contract.test_calendar_write.TestUpdateCalendarEvent" name="test_update_event_link_case" time="0.415" /><testcase classname="tests.contract.test_calendar_write.TestUpdateCalendarEvent" name="test_update_nonexistent_event" time="0.286" /><testcase classname="tests.contract.test_calendar_write.TestUpdateCalendarEvent" name="test_update_event_requires_auth" time="0.054" /><testcase classname="tests.contract.test_calendar_write.TestUpdateCalendarEvent" name="test_cannot_update_others_event" time="0.414" /><testcase classname="tests.contract.test_calendar_write.TestDeleteCalendarEvent" name="test_delete_event_success" time="0.317" /><testcase classname="tests.contract.test_calendar_write.TestDeleteCalendarEvent" name="test_delete_nonexistent_event" time="0.291" /><testcase classname="tests.contract.test_calendar_write.TestDeleteCalendarEvent" name="test_delete_event_requires_auth" time="0.028" /><testcase classname="tests.contract.test_calendar_write.TestDeleteCalendarEvent" name="test_cannot_delete_others_event" time="0.286" /><testcase classname="tests.contract.test_calendar_write.TestAuditLogging" name="test_create_event_audit_logged" time="0.293" /><testcase classname="tests.contract.test_calendar_write.TestAuditLogging" name="test_update_event_audit_logged" time="0.298" /><testcase classname="tests.contract.test_calendar_write.TestAuditLogging" name="test_delete_event_audit_logged" time="0.295" /><testcase classname="tests.contract.test_calendar_write.TestEventValidation" name="test_title_max_length" time="0.289" /><testcase classname="tests.contract.test_calendar_write.TestEventValidation" name="test_title_empty_string" time="0.418" /><testcase classname="tests.contract.test_calendar_write.TestEventValidation" name="test_korean_title_supported" time="0.325" /><testcase classname="tests.contract.test_case_permissions.TestLawyerCaseAccess" name="test_lawyer_can_access_own_cases" time="0.331" /><testcase classname="tests.contract.test_case_permissions.TestLawyerCaseAccess" name="test_lawyer_can_create_case" time="0.300" /><testcase classname="tests.contract.test_case_permissions.TestClientCaseAccess" name="test_client_cannot_access_general_cases_list" time="0.285" /><testcase classname="tests.contract.test_case_permissions.TestClientCaseAccess" name="test_client_can_access_own_case_via_client_portal" time="0.578" /><testcase classname="tests.contract.test_case_permissions.TestDetectiveCaseAccess" name="test_detective_cannot_access_general_cases_list" time="0.299" /><testcase classname="tests.contract.test_case_permissions.TestDetectiveCaseAccess" name="test_detective_can_access_assigned_investigation" time="0.552" /><testcase classname="tests.contract.test_case_permissions.TestAdminCaseAccess" name="test_admin_can_access_all_cases" time="0.313" /><testcase classname="tests.contract.test_case_permissions.TestAdminCaseAccess" name="test_admin_can_access_any_portal" time="0.354" /><testcase classname="tests.contract.test_client_evidence.TestClientEvidenceUploadReviewStatus" name="test_client_upload_should_return_proper_response" time="0.341" /><testcase classname="tests.contract.test_client_evidence.TestEvidenceReviewEndpoint" name="test_review_endpoint_should_exist" time="0.333" /><testcase classname="tests.contract.test_client_evidence.TestEvidenceReviewEndpoint" name="test_review_should_require_lawyer_or_admin" time="0.289" /><testcase classname="tests.contract.test_client_evidence.TestEvidenceReviewEndpoint" name="test_review_should_validate_action" time="0.312" /><testcase classname="tests.contract.test_client_evidence.TestEvidenceReviewResponseSchema" name="test_review_request_schema_should_require_action" time="0.300" /><testcase classname="tests.contract.test_client_evidence.TestEvidenceReviewResponseSchema" name="test_review_request_schema_allows_optional_comment" time="0.308" /><testcase classname="tests.contract.test_client_evidence.TestClientNonAssignedCaseAccess" name="test_client_a_cannot_access_client_b_case_detail" time="0.909" /><testcase classname="tests.contract.test_client_evidence.TestClientNonAssignedCaseAccess" name="test_client_a_cannot_upload_evidence_to_client_b_case" time="0.815" /><testcase classname="tests.contract.test_client_evidence.TestClientNonAssignedCaseAccess" name="test_client_a_can_access_own_case" time="0.564" /><testcase classname="tests.contract.test_client_evidence.TestExifMetadataUpload" name="test_upload_complete_accepts_exif_metadata" time="1.034" /><testcase classname="tests.contract.test_client_evidence.TestExifMetadataUpload" name="test_upload_complete_exif_metadata_is_optional" time="0.692" /><testcase classname="tests.contract.test_client_evidence.TestExifMetadataUpload" name="test_exif_metadata_schema_validates_gps_coordinates" time="0.528" /><testcase classname="tests.contract.test_client_evidence.TestExifMetadataUpload" name="test_exif_metadata_schema_validates_datetime" time="0.515" /><testcase classname="tests.contract.test_client_portal.TestGetClientDashboard" name="test_should_return_dashboard_for_client" time="0.370" /><testcase classname="tests.contract.test_client_portal.TestGetClientDashboard" name="test_should_reject_unauthenticated_request" time="0.036" /><testcase classname="tests.contract.test_client_portal.TestGetClientDashboard" name="test_should_reject_lawyer_role" time="0.326" /><testcase classname="tests.contract.test_client_portal.TestGetClientDashboard" name="test_should_reject_detective_role" time="0.288" /><testcase classname="tests.contract.test_client_portal.TestClientDashboardProgressSteps" name="test_progress_steps_should_have_required_fields" time="0.401" /><testcase classname="tests.contract.test_client_portal.TestClientDashboardRecentActivities" name="test_recent_activities_should_have_required_fields" time="0.288" /><testcase classname="tests.contract.test_client_portal.TestGetClientCases" name="test_should_return_case_list_for_client" time="0.282" /><testcase classname="tests.contract.test_client_portal.TestGetClientCases" name="test_should_reject_unauthenticated_request" time="0.024" /><testcase classname="tests.contract.test_client_portal.TestGetClientCases" name="test_should_reject_lawyer_role" time="0.286" /><testcase classname="tests.contract.test_client_portal.TestPostEvidenceUpload" name="test_should_reject_unauthenticated_request" time="0.025" /><testcase classname="tests.contract.test_client_portal.TestPostEvidenceUpload" name="test_should_reject_lawyer_role" time="0.283" /><testcase classname="tests.contract.test_client_portal.TestPostEvidenceUpload" name="test_should_reject_invalid_case_id" time="0.279" /><testcase classname="tests.contract.test_client_portal.TestEvidenceUploadConfirmation" name="test_should_reject_unauthenticated_request" time="0.026" /><testcase classname="tests.contract.test_client_portal.TestEvidenceUploadConfirmation" name="test_should_reject_invalid_case_for_confirm" time="0.284" /><testcase classname="tests.contract.test_dashboard_contract.TestGetTodayItems" name="test_should_return_empty_when_no_items" time="0.288" /><testcase classname="tests.contract.test_dashboard_contract.TestGetTodayItems" name="test_should_return_401_without_auth" time="0.025" /><testcase classname="tests.contract.test_dashboard_contract.TestTodayItemsWithCalendarEvents" name="test_should_return_todays_events_as_urgent" time="0.341" /><testcase classname="tests.contract.test_dashboard_contract.TestTodayItemsWithCalendarEvents" name="test_should_return_this_week_events" time="0.333" /><testcase classname="tests.contract.test_dashboard_contract.TestTodayItemsWithCalendarEvents" name="test_should_include_case_context" time="0.336" /><testcase classname="tests.contract.test_dashboard_contract.TestTodayItemsPriority" name="test_should_sort_urgent_by_time" time="0.440" /><testcase classname="tests.contract.test_dashboard_contract.TestTodayItemsPriority" name="test_should_sort_this_week_by_days_remaining" time="0.334" /><testcase classname="tests.contract.test_dashboard_contract.TestAllCompleteMessage" name="test_should_show_completion_when_no_urgent" time="0.281" /><testcase classname="tests.contract.test_detective_actions.TestAcceptInvestigation" name="test_should_reject_unauthenticated_request" time="0.026" /><testcase classname="tests.contract.test_detective_actions.TestAcceptInvestigation" name="test_should_reject_client_role" time="0.283" /><testcase classname="tests.contract.test_detective_actions.TestAcceptInvestigation" name="test_should_reject_lawyer_role" time="0.280" /><testcase classname="tests.contract.test_detective_actions.TestAcceptInvestigation" name="test_should_return_404_for_nonexistent_case" time="0.284" /><testcase classname="tests.contract.test_detective_actions.TestRejectInvestigation" name="test_should_reject_unauthenticated_request" time="0.083" /><testcase classname="tests.contract.test_detective_actions.TestRejectInvestigation" name="test_should_reject_client_role" time="0.338" /><testcase classname="tests.contract.test_detective_actions.TestRejectInvestigation" name="test_should_reject_lawyer_role" time="0.279" /><testcase classname="tests.contract.test_detective_actions.TestRejectInvestigation" name="test_should_return_404_for_nonexistent_case" time="0.280" /><testcase classname="tests.contract.test_detective_actions.TestRejectInvestigation" name="test_should_require_reason_field" time="0.279" /><testcase classname="tests.contract.test_detective_cases.TestGetDetectiveCases" name="test_should_return_case_list_for_detective" time="0.293" /><testcase classname="tests.contract.test_detective_cases.TestGetDetectiveCases" name="test_should_filter_by_status" time="0.292" /><testcase classname="tests.contract.test_detective_cases.TestGetDetectiveCases" name="test_should_reject_unauthenticated_request" time="0.026" /><testcase classname="tests.contract.test_detective_cases.TestGetDetectiveCases" name="test_should_reject_client_role" time="0.284" /><testcase classname="tests.contract.test_detective_cases.TestGetDetectiveCases" name="test_should_reject_lawyer_role" time="0.281" /><testcase classname="tests.contract.test_detective_cases.TestGetDetectiveCaseDetail" name="test_should_reject_unauthenticated_request" time="0.026" /><testcase classname="tests.contract.test_detective_cases.TestGetDetectiveCaseDetail" name="test_should_reject_client_role" time="0.279" /><testcase classname="tests.contract.test_detective_cases.TestGetDetectiveCaseDetail" name="test_should_return_404_for_nonexistent_case" time="0.281" /><testcase classname="tests.contract.test_detective_cases.TestDetectiveCaseListItems" name="test_case_items_should_have_required_fields" time="0.289" /><testcase classname="tests.contract.test_detective_cases.TestDetectiveNonAssignedCaseAccess" name="test_detective_a_cannot_access_detective_b_case_detail" time="0.799" /><testcase classname="tests.contract.test_detective_cases.TestDetectiveNonAssignedCaseAccess" name="test_detective_a_cannot_create_record_for_detective_b_case" time="0.837" /><testcase classname="tests.contract.test_detective_cases.TestDetectiveNonAssignedCaseAccess" name="test_detective_a_can_access_own_case" time="0.584" /><testcase classname="tests.contract.test_detective_dashboard.TestGetDetectiveDashboard" name="test_should_return_dashboard_for_detective" time="0.302" /><testcase classname="tests.contract.test_detective_dashboard.TestGetDetectiveDashboard" name="test_should_reject_unauthenticated_request" time="0.026" /><testcase classname="tests.contract.test_detective_dashboard.TestGetDetectiveDashboard" name="test_should_reject_client_role" time="0.280" /><testcase classname="tests.contract.test_detective_dashboard.TestGetDetectiveDashboard" name="test_should_reject_lawyer_role" time="0.281" /><testcase classname="tests.contract.test_detective_dashboard.TestDetectiveDashboardStats" name="test_stats_should_have_numeric_values" time="0.283" /><testcase classname="tests.contract.test_detective_dashboard.TestDetectiveDashboardInvestigations" name="test_active_investigations_should_have_required_fields" time="0.284" /><testcase classname="tests.contract.test_detective_dashboard.TestDetectiveDashboardSchedule" name="test_schedule_items_should_have_required_fields" time="0.283" /><testcase classname="tests.contract.test_detective_earnings.TestGetDetectiveEarnings" name="test_should_return_earnings_for_detective" time="0.284" /><testcase classname="tests.contract.test_detective_earnings.TestGetDetectiveEarnings" name="test_should_reject_unauthenticated_request" time="0.027" /><testcase classname="tests.contract.test_detective_earnings.TestGetDetectiveEarnings" name="test_should_reject_client_role" time="0.279" /><testcase classname="tests.contract.test_detective_earnings.TestGetDetectiveEarnings" name="test_should_reject_lawyer_role" time="0.278" /><testcase classname="tests.contract.test_detective_earnings.TestEarningsSummaryStructure" name="test_summary_should_have_numeric_values" time="0.281" /><testcase classname="tests.contract.test_detective_earnings.TestEarningsTransactions" name="test_transactions_should_have_required_fields" time="0.283" /><testcase classname="tests.contract.test_detective_earnings.TestEarningsFiltering" name="test_should_filter_by_period" time="0.303" /><testcase classname="tests.contract.test_detective_records.TestCreateFieldRecord" name="test_should_reject_unauthenticated_request" time="0.025" /><testcase classname="tests.contract.test_detective_records.TestCreateFieldRecord" name="test_should_reject_client_role" time="0.297" /><testcase classname="tests.contract.test_detective_records.TestCreateFieldRecord" name="test_should_reject_lawyer_role" time="0.279" /><testcase classname="tests.contract.test_detective_records.TestCreateFieldRecord" name="test_should_return_404_for_nonexistent_case" time="0.288" /><testcase classname="tests.contract.test_detective_records.TestSubmitReport" name="test_should_reject_unauthenticated_request" time="0.025" /><testcase classname="tests.contract.test_detective_records.TestSubmitReport" name="test_should_reject_client_role" time="0.276" /><testcase classname="tests.contract.test_detective_records.TestSubmitReport" name="test_should_reject_lawyer_role" time="0.282" /><testcase classname="tests.contract.test_detective_records.TestSubmitReport" name="test_should_return_404_for_nonexistent_case" time="0.280" /><testcase classname="tests.contract.test_detective_records.TestFieldRecordValidation" name="test_should_require_record_type" time="0.280" /><testcase classname="tests.contract.test_detective_records.TestFieldRecordValidation" name="test_record_type_should_be_valid_enum" time="0.280" /><testcase classname="tests.contract.test_draft_api.TestDraftPreviewAuth" name="test_draft_preview_requires_auth" time="0.295" /><testcase classname="tests.contract.test_draft_api.TestDraftPreviewAuth" name="test_draft_preview_rejects_invalid_token" time="0.293" /><testcase classname="tests.contract.test_draft_api.TestDraftPreviewPermissions" name="test_draft_preview_requires_case_membership" time="0.545" /><testcase classname="tests.contract.test_draft_api.TestDraftPreviewPermissions" name="test_draft_preview_case_member_can_access" time="0.319" /><testcase classname="tests.contract.test_draft_api.TestDraftPreviewRequest" name="test_draft_preview_accepts_default_sections" time="0.475" /><testcase classname="tests.contract.test_draft_api.TestDraftPreviewRequest" name="test_draft_preview_accepts_custom_language" time="0.511" /><testcase classname="tests.contract.test_draft_api.TestDraftPreviewResponse" name="test_draft_preview_response_structure" time="0.300" /><testcase classname="tests.contract.test_draft_api.TestDraftPreviewResponse" name="test_draft_preview_citations_format" time="0.300" /><testcase classname="tests.contract.test_draft_api.TestDraftPreviewErrors" name="test_draft_preview_404_nonexistent_case" time="0.278" /><testcase classname="tests.contract.test_draft_api.TestDraftPreviewErrors" name="test_draft_preview_400_no_evidence" time="0.296" /><testcase classname="tests.contract.test_draft_api.TestDraftPreviewInlineCitations" name="test_draft_text_can_include_inline_citations" time="0.300" /><testcase classname="tests.contract.test_evidence_links_api.TestEvidenceLinksAPI" name="test_create_evidence_link_to_party_returns_201" time="0.333" /><testcase classname="tests.contract.test_evidence_links_api.TestEvidenceLinksAPI" name="test_create_evidence_link_to_relationship_returns_201" time="0.342" /><testcase classname="tests.contract.test_evidence_links_api.TestEvidenceLinksAPI" name="test_create_evidence_link_no_target_returns_400" time="0.298" /><testcase classname="tests.contract.test_evidence_links_api.TestEvidenceLinksAPI" name="test_create_evidence_link_without_auth_returns_401" time="0.291" /><testcase classname="tests.contract.test_evidence_links_api.TestEvidenceLinksAPI" name="test_get_evidence_links_returns_list" time="0.317" /><testcase classname="tests.contract.test_evidence_links_api.TestEvidenceLinksAPI" name="test_get_evidence_links_filtered_by_evidence_id" time="0.331" /><testcase classname="tests.contract.test_evidence_links_api.TestEvidenceLinksAPI" name="test_get_evidence_links_filtered_by_party_id" time="0.340" /><testcase classname="tests.contract.test_evidence_links_api.TestEvidenceLinksAPI" name="test_get_evidence_link_by_id" time="0.318" /><testcase classname="tests.contract.test_evidence_links_api.TestEvidenceLinksAPI" name="test_delete_evidence_link_returns_204" time="0.323" /><testcase classname="tests.contract.test_evidence_links_api.TestEvidenceLinksConvenienceEndpoints" name="test_get_links_by_evidence_returns_filtered" time="0.316" /><testcase classname="tests.contract.test_evidence_links_api.TestEvidenceLinksConvenienceEndpoints" name="test_get_links_by_party_returns_filtered" time="0.320" /><testcase classname="tests.contract.test_evidence_links_contract.TestCreateEvidenceLink" name="test_should_create_link_to_party" time="0.310" /><testcase classname="tests.contract.test_evidence_links_contract.TestCreateEvidenceLink" name="test_should_create_link_with_proves_type" time="0.308" /><testcase classname="tests.contract.test_evidence_links_contract.TestCreateEvidenceLink" name="test_should_create_link_to_relationship" time="0.338" /><testcase classname="tests.contract.test_evidence_links_contract.TestCreateEvidenceLink" name="test_should_reject_link_without_target" time="0.302" /><testcase classname="tests.contract.test_evidence_links_contract.TestCreateEvidenceLink" name="test_should_reject_duplicate_link" time="0.323" /><testcase classname="tests.contract.test_evidence_links_contract.TestCreateEvidenceLink" name="test_should_allow_different_link_types_for_same_evidence_party" time="0.319" /><testcase classname="tests.contract.test_evidence_links_contract.TestCreateEvidenceLink" name="test_should_reject_nonexistent_party" time="0.305" /><testcase classname="tests.contract.test_evidence_links_contract.TestCreateEvidenceLink" name="test_should_reject_invalid_link_type" time="0.312" /><testcase classname="tests.contract.test_evidence_links_contract.TestListEvidenceLinks" name="test_should_return_all_links_for_case" time="0.335" /><testcase classname="tests.contract.test_evidence_links_contract.TestListEvidenceLinks" name="test_should_return_empty_for_new_case" time="0.293" /><testcase classname="tests.contract.test_evidence_links_contract.TestGetLinksByParty" name="test_should_return_links_for_party" time="0.419" /><testcase classname="tests.contract.test_evidence_links_contract.TestGetLinksByEvidence" name="test_should_return_links_for_evidence" time="0.346" /><testcase classname="tests.contract.test_evidence_links_contract.TestDeleteEvidenceLink" name="test_should_delete_link" time="0.325" /><testcase classname="tests.contract.test_evidence_links_contract.TestDeleteEvidenceLink" name="test_should_return_404_for_nonexistent_link" time="0.297" /><testcase classname="tests.contract.test_evidence_links_contract.TestDeleteEvidenceLink" name="test_should_reject_unauthenticated_delete" time="0.293" /><testcase classname="tests.contract.test_lawyer_dashboard.TestGetLawyerDashboard" name="test_should_return_dashboard_stats_for_lawyer" time="0.288" /><testcase classname="tests.contract.test_lawyer_dashboard.TestGetLawyerDashboard" name="test_should_return_stats_cards_array" time="0.290" /><testcase classname="tests.contract.test_lawyer_dashboard.TestGetLawyerDashboard" name="test_should_reject_unauthenticated_request" time="0.025" /><testcase classname="tests.contract.test_lawyer_dashboard.TestGetLawyerDashboard" name="test_should_reject_client_role" time="0.276" /><testcase classname="tests.contract.test_lawyer_dashboard.TestGetLawyerDashboard" name="test_should_reject_detective_role" time="0.277" /><testcase classname="tests.contract.test_lawyer_dashboard.TestGetLawyerDashboard" name="test_should_allow_admin_access" time="0.309" /><testcase classname="tests.contract.test_lawyer_dashboard.TestGetLawyerDashboard" name="test_should_allow_staff_access" time="0.286" /><testcase classname="tests.contract.test_lawyer_dashboard.TestRecentCasesInDashboard" name="test_recent_cases_should_have_required_fields" time="0.283" /><testcase classname="tests.contract.test_lawyer_dashboard.TestUpcomingEventsInDashboard" name="test_upcoming_events_should_have_required_fields" time="0.288" /><testcase classname="tests.contract.test_messaging.TestGetMessages" name="test_should_return_messages_for_case" time="0.566" /><testcase classname="tests.contract.test_messaging.TestGetMessages" name="test_should_filter_by_other_user_id" time="0.553" /><testcase classname="tests.contract.test_messaging.TestGetMessages" name="test_should_support_pagination_with_limit" time="0.549" /><testcase classname="tests.contract.test_messaging.TestGetMessages" name="test_should_reject_unauthenticated_request" time="0.025" /><testcase classname="tests.contract.test_messaging.TestGetConversations" name="test_should_return_conversation_list" time="0.282" /><testcase classname="tests.contract.test_messaging.TestGetConversations" name="test_should_reject_unauthenticated_request" time="0.026" /><testcase classname="tests.contract.test_messaging.TestGetUnreadCount" name="test_should_return_unread_count" time="0.284" /><testcase classname="tests.contract.test_messaging.TestGetUnreadCount" name="test_should_reject_unauthenticated_request" time="0.026" /><testcase classname="tests.contract.test_messaging.TestSendMessage" name="test_should_send_message_successfully" time="0.652" /><testcase classname="tests.contract.test_messaging.TestSendMessage" name="test_should_validate_content_not_empty" time="0.689" /><testcase classname="tests.contract.test_messaging.TestSendMessage" name="test_should_validate_content_max_length" time="0.561" /><testcase classname="tests.contract.test_messaging.TestSendMessage" name="test_should_reject_invalid_recipient" time="0.546" /><testcase classname="tests.contract.test_messaging.TestSendMessage" name="test_should_reject_unauthenticated_request" time="0.024" /><testcase classname="tests.contract.test_messaging.TestMarkMessagesRead" name="test_should_mark_messages_as_read" time="0.284" /><testcase classname="tests.contract.test_messaging.TestMarkMessagesRead" name="test_should_validate_message_ids_required" time="0.282" /><testcase classname="tests.contract.test_messaging.TestMarkMessagesRead" name="test_should_reject_unauthenticated_request" time="0.028" /><testcase classname="tests.contract.test_messaging.TestMessageAttachments" name="test_should_send_message_with_attachments" time="0.559" /><testcase classname="tests.contract.test_messaging.TestMessageAttachments" name="test_should_accept_message_without_attachments" time="0.567" /><testcase classname="tests.contract.test_messaging.TestMessageResponseStructure" name="test_message_response_should_have_all_fields" time="0.557" /><testcase classname="tests.contract.test_messaging.TestConversationResponseStructure" name="test_conversation_should_have_required_fields" time="0.573" /><testcase classname="tests.contract.test_messaging_websocket.TestWebSocketConnection" name="test_should_reject_connection_without_token" time="0.025" /><testcase classname="tests.contract.test_messaging_websocket.TestWebSocketConnection" name="test_should_reject_connection_with_invalid_token" time="0.021" /><testcase classname="tests.contract.test_messaging_websocket.TestWebSocketConnection" name="test_should_accept_connection_with_valid_token" time="0.275" /><testcase classname="tests.contract.test_messaging_websocket.TestWebSocketPing" name="test_should_respond_pong_to_ping" time="0.275"><skipped type="pytest.skip" message="WebSocket connection not available in test environment">/Users/admin/Documents/dev/leh/backend/tests/contract/test_messaging_websocket.py:107: WebSocket connection not available in test environment</skipped></testcase><testcase classname="tests.contract.test_messaging_websocket.TestWebSocketMessageTypes" name="test_message_type_should_create_message" time="0.543"><skipped type="pytest.skip" message="WebSocket connection not available in test environment">/Users/admin/Documents/dev/leh/backend/tests/contract/test_messaging_websocket.py:153: WebSocket connection not available in test environment</skipped></testcase><testcase classname="tests.contract.test_messaging_websocket.TestWebSocketMessageTypes" name="test_read_type_should_mark_messages_read" time="0.275"><skipped type="pytest.skip" message="WebSocket connection not available in test environment">/Users/admin/Documents/dev/leh/backend/tests/contract/test_messaging_websocket.py:188: WebSocket connection not available in test environment</skipped></testcase><testcase classname="tests.contract.test_messaging_websocket.TestWebSocketMessageTypes" name="test_typing_type_should_broadcast_typing_indicator" time="0.538"><skipped type="pytest.skip" message="WebSocket connection not available in test environment">/Users/admin/Documents/dev/leh/backend/tests/contract/test_messaging_websocket.py:219: WebSocket connection not available in test environment</skipped></testcase><testcase classname="tests.contract.test_messaging_websocket.TestWebSocketMessageSchema" name="test_should_have_correct_message_schema" time="0.000" /><testcase classname="tests.contract.test_messaging_websocket.TestWebSocketMessageSchema" name="test_new_message_payload_schema" time="0.000" /><testcase classname="tests.contract.test_messaging_websocket.TestWebSocketMessageSchema" name="test_typing_payload_schema" time="0.000" /><testcase classname="tests.contract.test_party_contract.TestListParties" name="test_should_return_empty_list_for_new_case" time="0.311" /><testcase classname="tests.contract.test_party_contract.TestListParties" name="test_should_reject_unauthenticated_request" time="0.296" /><testcase classname="tests.contract.test_party_contract.TestCreateParty" name="test_should_create_plaintiff_party" time="0.301" /><testcase classname="tests.contract.test_party_contract.TestCreateParty" name="test_should_create_defendant_party" time="0.299" /><testcase classname="tests.contract.test_party_contract.TestCreateParty" name="test_should_create_third_party" time="0.297" /><testcase classname="tests.contract.test_party_contract.TestCreateParty" name="test_should_reject_invalid_party_type" time="0.293" /><testcase classname="tests.contract.test_party_contract.TestCreateParty" name="test_should_reject_missing_name" time="0.295" /><testcase classname="tests.contract.test_party_contract.TestCreateParty" name="test_should_reject_unauthenticated_create" time="0.295" /><testcase classname="tests.contract.test_party_contract.TestGetPartyById" name="test_should_get_party_by_id" time="0.350" /><testcase classname="tests.contract.test_party_contract.TestGetPartyById" name="test_should_return_404_for_nonexistent_party" time="0.297" /><testcase classname="tests.contract.test_party_contract.TestUpdateParty" name="test_should_update_party_name" time="0.315" /><testcase classname="tests.contract.test_party_contract.TestUpdateParty" name="test_should_update_party_position" time="0.309" /><testcase classname="tests.contract.test_party_contract.TestDeleteParty" name="test_should_delete_party" time="0.316" /><testcase classname="tests.contract.test_party_contract.TestDeleteParty" name="test_should_return_404_for_deleting_nonexistent_party" time="0.400" /><testcase classname="tests.contract.test_party_contract.TestGetGraph" name="test_should_return_graph_with_parties_and_relationships" time="0.328" /><testcase classname="tests.contract.test_party_contract.TestGetGraph" name="test_should_return_empty_graph_for_new_case" time="0.294" /><testcase classname="tests.contract.test_party_graph_api.TestPartyAPI" name="test_create_party_returns_201" time="0.296" /><testcase classname="tests.contract.test_party_graph_api.TestPartyAPI" name="test_create_party_without_auth_returns_401" time="0.294" /><testcase classname="tests.contract.test_party_graph_api.TestPartyAPI" name="test_get_parties_returns_list" time="0.307" /><testcase classname="tests.contract.test_party_graph_api.TestPartyAPI" name="test_get_parties_filtered_by_type" time="0.315" /><testcase classname="tests.contract.test_party_graph_api.TestPartyAPI" name="test_get_party_by_id_returns_party" time="0.302" /><testcase classname="tests.contract.test_party_graph_api.TestPartyAPI" name="test_update_party_returns_updated_data" time="0.311" /><testcase classname="tests.contract.test_party_graph_api.TestPartyAPI" name="test_delete_party_returns_204" time="0.317" /><testcase classname="tests.contract.test_party_graph_api.TestRelationshipAPI" name="test_create_relationship_returns_201" time="0.323" /><testcase classname="tests.contract.test_party_graph_api.TestRelationshipAPI" name="test_create_relationship_self_reference_returns_400" time="0.307" /><testcase classname="tests.contract.test_party_graph_api.TestRelationshipAPI" name="test_get_relationships_returns_list" time="0.336" /><testcase classname="tests.contract.test_party_graph_api.TestRelationshipAPI" name="test_update_relationship_returns_updated" time="0.334" /><testcase classname="tests.contract.test_party_graph_api.TestRelationshipAPI" name="test_delete_relationship_returns_204" time="0.331" /><testcase classname="tests.contract.test_party_graph_api.TestPartyGraphAPI" name="test_get_party_graph_returns_nodes_and_relationships" time="0.336" /><testcase classname="tests.contract.test_party_graph_api.TestPartyGraphAPI" name="test_get_party_graph_empty_case" time="0.302" /><testcase classname="tests.contract.test_permission_403.TestCaseAccessDenied403" name="test_non_member_cannot_access_case_returns_403" time="0.544" /><testcase classname="tests.contract.test_permission_403.TestCaseAccessDenied403" name="test_viewer_cannot_update_case_returns_403" time="0.541" /><testcase classname="tests.contract.test_permission_403.TestCaseAccessDenied403" name="test_non_owner_cannot_delete_case_returns_403" time="0.544" /><testcase classname="tests.contract.test_permission_403.TestRoleBasedAccessDenied403" name="test_client_accessing_lawyer_endpoint_returns_403" time="0.280" /><testcase classname="tests.contract.test_permission_403.TestRoleBasedAccessDenied403" name="test_detective_accessing_admin_endpoint_returns_403" time="0.284" /><testcase classname="tests.contract.test_permission_403.TestRoleBasedAccessDenied403" name="test_staff_accessing_admin_endpoint_returns_403" time="0.278" /><testcase classname="tests.contract.test_permission_403.TestErrorResponseFormat" name="test_403_response_has_error_structure" time="0.282" /><testcase classname="tests.contract.test_permission_403.TestErrorResponseFormat" name="test_403_response_content_type_is_json" time="0.283" /><testcase classname="tests.contract.test_permission_403.TestAccessDeniedAuditLogging" name="test_403_response_is_logged_to_audit" time="0.539" /><testcase classname="tests.contract.test_permission_403.TestAccessDeniedAuditLogging" name="test_audit_log_contains_resource_info" time="0.545" /><testcase classname="tests.contract.test_permission_403.TestAdminAccess" name="test_admin_can_access_cases_list_endpoint" time="0.302" /><testcase classname="tests.contract.test_permission_403.TestAdminAccess" name="test_admin_without_membership_cannot_access_specific_case" time="0.582" /><testcase classname="tests.contract.test_permission_403.TestAdminAccess" name="test_admin_as_case_member_can_access_case" time="0.332" /><testcase classname="tests.contract.test_precedent_api.TestPrecedentSearchAPI" name="test_search_unauthorized" time="0.008" /><testcase classname="tests.contract.test_precedent_api.TestPrecedentSearchAPI" name="test_search_similar_precedents_requires_auth" time="0.007" /><testcase classname="tests.contract.test_precedent_api.TestPrecedentSearchAPI" name="test_search_endpoint_accepts_query_params" time="0.008" /><testcase classname="tests.contract.test_precedent_api.TestPrecedentSearchResponseModel" name="test_response_model_structure" time="0.000" /><testcase classname="tests.contract.test_precedent_api.TestPrecedentSearchResponseModel" name="test_response_with_precedents" time="0.000" /><testcase classname="tests.contract.test_precedent_api.TestPrecedentSearchResponseModel" name="test_precedent_with_division_ratio" time="0.000" /><testcase classname="tests.contract.test_precedent_api.TestAutoExtractEndpoints" name="test_party_auto_extract_endpoint_exists" time="0.009" /><testcase classname="tests.contract.test_precedent_api.TestAutoExtractEndpoints" name="test_relationship_auto_extract_endpoint_exists" time="0.008" /><testcase classname="tests.contract.test_procedure.TestGetProcedureTimeline" name="test_should_return_empty_timeline_for_new_case" time="0.310" /><testcase classname="tests.contract.test_procedure.TestGetProcedureTimeline" name="test_should_reject_unauthenticated_request" time="0.291" /><testcase classname="tests.contract.test_procedure.TestInitializeProcedureTimeline" name="test_should_initialize_timeline_with_all_stages" time="0.321" /><testcase classname="tests.contract.test_procedure.TestInitializeProcedureTimeline" name="test_should_not_duplicate_when_initialized_twice" time="0.316" /><testcase classname="tests.contract.test_procedure.TestInitializeProcedureTimeline" name="test_should_reject_unauthenticated_request" time="0.291" /><testcase classname="tests.contract.test_procedure.TestCreateProcedureStage" name="test_should_create_stage_with_valid_data" time="0.302" /><testcase classname="tests.contract.test_procedure.TestCreateProcedureStage" name="test_should_reject_duplicate_stage" time="0.306" /><testcase classname="tests.contract.test_procedure.TestCreateProcedureStage" name="test_should_reject_invalid_stage_type" time="0.316" /><testcase classname="tests.contract.test_procedure.TestGetProcedureStage" name="test_should_return_stage_details" time="0.309" /><testcase classname="tests.contract.test_procedure.TestGetProcedureStage" name="test_should_return_404_for_nonexistent_stage" time="0.298" /><testcase classname="tests.contract.test_procedure.TestUpdateProcedureStage" name="test_should_update_stage_status" time="0.312" /><testcase classname="tests.contract.test_procedure.TestDeleteProcedureStage" name="test_should_delete_stage" time="0.317" /><testcase classname="tests.contract.test_procedure.TestCompleteStage" name="test_should_complete_stage" time="0.420" /><testcase classname="tests.contract.test_procedure.TestSkipStage" name="test_should_skip_stage" time="0.315" /><testcase classname="tests.contract.test_procedure.TestTransitionToNextStage" name="test_should_transition_to_next_stage" time="0.320" /><testcase classname="tests.contract.test_procedure.TestTransitionToNextStage" name="test_should_reject_invalid_transition" time="0.313" /><testcase classname="tests.contract.test_procedure.TestGetValidNextStages" name="test_should_return_valid_next_stages" time="0.316" /><testcase classname="tests.contract.test_procedure.TestProcedureStageSchema" name="test_stage_response_should_have_required_fields" time="0.299" /><testcase classname="tests.contract.test_procedure.TestProcedureStageSchema" name="test_stage_type_enum_values" time="0.308" /><testcase classname="tests.contract.test_procedure.TestProcedureStageSchema" name="test_status_enum_values" time="0.295" /><testcase classname="tests.contract.test_relationship_contract.TestListRelationships" name="test_should_return_empty_list_for_new_case" time="0.298" /><testcase classname="tests.contract.test_relationship_contract.TestListRelationships" name="test_should_reject_unauthenticated_request" time="0.294" /><testcase classname="tests.contract.test_relationship_contract.TestCreateRelationship" name="test_should_create_marriage_relationship" time="0.327" /><testcase classname="tests.contract.test_relationship_contract.TestCreateRelationship" name="test_should_create_affair_relationship" time="0.323" /><testcase classname="tests.contract.test_relationship_contract.TestCreateRelationship" name="test_should_create_parent_child_relationship" time="0.321" /><testcase classname="tests.contract.test_relationship_contract.TestCreateRelationship" name="test_should_reject_duplicate_relationship" time="0.333" /><testcase classname="tests.contract.test_relationship_contract.TestCreateRelationship" name="test_should_reject_self_relationship" time="0.308" /><testcase classname="tests.contract.test_relationship_contract.TestCreateRelationship" name="test_should_reject_nonexistent_party" time="0.307" /><testcase classname="tests.contract.test_relationship_contract.TestCreateRelationship" name="test_should_reject_invalid_relationship_type" time="0.314" /><testcase classname="tests.contract.test_relationship_contract.TestGetRelationshipById" name="test_should_get_relationship_by_id" time="0.328" /><testcase classname="tests.contract.test_relationship_contract.TestGetRelationshipById" name="test_should_return_404_for_nonexistent_relationship" time="0.294" /><testcase classname="tests.contract.test_relationship_contract.TestUpdateRelationship" name="test_should_update_relationship_notes" time="0.331" /><testcase classname="tests.contract.test_relationship_contract.TestUpdateRelationship" name="test_should_update_relationship_dates" time="0.338" /><testcase classname="tests.contract.test_relationship_contract.TestDeleteRelationship" name="test_should_delete_relationship" time="0.338" /><testcase classname="tests.contract.test_relationship_contract.TestDeleteRelationship" name="test_should_return_404_for_deleting_nonexistent_relationship" time="0.296" /><testcase classname="tests.contract.test_relationship_contract.TestFilterRelationships" name="test_should_filter_by_party" time="0.360" /><testcase classname="tests.contract.test_role_validation.TestRequireClientDependency" name="test_should_allow_client_user" time="0.280" /><testcase classname="tests.contract.test_role_validation.TestRequireClientDependency" name="test_should_reject_lawyer_from_client_endpoint" time="0.281" /><testcase classname="tests.contract.test_role_validation.TestRequireDetectiveDependency" name="test_should_allow_detective_user" time="0.291" /><testcase classname="tests.contract.test_role_validation.TestRequireDetectiveDependency" name="test_should_reject_lawyer_from_detective_endpoint" time="0.282" /><testcase classname="tests.contract.test_role_validation.TestRequireInternalUserDependency" name="test_should_allow_lawyer_for_internal_endpoint" time="0.299" /><testcase classname="tests.contract.test_role_validation.TestRequireInternalUserDependency" name="test_should_reject_client_from_internal_endpoint" time="0.278" /><testcase classname="tests.contract.test_role_validation.TestGetRoleRedirectPath" name="test_should_return_correct_path_for_client" time="0.000" /><testcase classname="tests.contract.test_role_validation.TestGetRoleRedirectPath" name="test_should_return_correct_path_for_detective" time="0.000" /><testcase classname="tests.contract.test_role_validation.TestGetRoleRedirectPath" name="test_should_return_correct_path_for_lawyer" time="0.000" /><testcase classname="tests.contract.test_role_validation.TestGetRoleRedirectPath" name="test_should_return_correct_path_for_admin" time="0.000" /><testcase classname="tests.contract.test_role_validation.TestGetRoleRedirectPath" name="test_should_return_correct_path_for_staff" time="0.000" /><testcase classname="tests.contract.test_search_api.TestSearchAPI" name="test_search_requires_auth" time="0.028" /><testcase classname="tests.contract.test_search_api.TestSearchAPI" name="test_search_requires_min_query_length" time="0.280" /><testcase classname="tests.contract.test_search_api.TestSearchAPI" name="test_search_returns_results_structure" time="0.304" /><testcase classname="tests.contract.test_search_api.TestSearchAPI" name="test_search_cases_by_title" time="0.295" /><testcase classname="tests.contract.test_search_api.TestSearchAPI" name="test_search_with_category_filter" time="0.298" /><testcase classname="tests.contract.test_search_api.TestSearchAPI" name="test_search_with_limit" time="0.304" /><testcase classname="tests.contract.test_search_api.TestSearchAPI" name="test_search_empty_query_returns_empty" time="0.284" /><testcase classname="tests.contract.test_search_api.TestSearchAPI" name="test_search_result_contains_metadata" time="0.298" /><testcase classname="tests.contract.test_search_api.TestQuickAccessAPI" name="test_quick_access_requires_auth" time="0.025" /><testcase classname="tests.contract.test_search_api.TestQuickAccessAPI" name="test_quick_access_returns_structure" time="0.283" /><testcase classname="tests.contract.test_search_api.TestRecentSearchesAPI" name="test_recent_searches_requires_auth" time="0.026" /><testcase classname="tests.contract.test_search_api.TestRecentSearchesAPI" name="test_recent_searches_returns_structure" time="0.279" /><testcase classname="tests.contract.test_search_api.TestRecentSearchesAPI" name="test_recent_searches_respects_limit" time="0.278" /><testcase classname="tests.contract.test_summary.TestGetCaseSummary" name="test_should_return_summary_for_valid_case" time="0.299" /><testcase classname="tests.contract.test_summary.TestGetCaseSummary" name="test_should_reject_unauthenticated_request" time="0.296" /><testcase classname="tests.contract.test_summary.TestGetCaseSummary" name="test_should_return_404_for_nonexistent_case" time="0.282" /><testcase classname="tests.contract.test_summary.TestGetCaseSummaryWithProcedure" name="test_should_include_completed_stages_in_summary" time="0.324" /><testcase classname="tests.contract.test_summary.TestGetCaseSummaryWithProcedure" name="test_should_update_progress_after_completing_stage" time="0.344" /><testcase classname="tests.contract.test_summary.TestGetCaseSummaryPdf" name="test_should_return_html_for_pdf" time="0.372" /><testcase classname="tests.contract.test_summary.TestGetCaseSummaryPdf" name="test_should_reject_unauthenticated_pdf_request" time="0.312" /><testcase classname="tests.contract.test_summary.TestGetCaseSummaryPdf" name="test_pdf_should_contain_case_info" time="0.417" /><testcase classname="tests.contract.test_summary.TestSummaryLawyerInfo" name="test_should_include_lawyer_info" time="0.297" /><testcase classname="tests.integration.test_draft_flow.TestDraftGenerationFlow" name="test_full_draft_generation_flow" time="0.301" /><testcase classname="tests.integration.test_draft_flow.TestDraftGenerationFlow" name="test_draft_flow_with_empty_evidence" time="0.292" /><testcase classname="tests.integration.test_draft_flow.TestDraftGenerationFlow" name="test_draft_flow_preserves_citation_order" time="0.296" /><testcase classname="tests.integration.test_draft_flow.TestDraftExportFlow" name="test_draft_export_requires_existing_draft" time="0.295" /><testcase classname="tests.integration.test_draft_flow.TestDraftServiceIntegration" name="test_draft_service_extracts_citations_correctly" time="0.001" /><testcase classname="tests.integration.test_draft_flow.TestDraftServiceIntegration" name="test_draft_service_formats_evidence_context" time="0.000" /><testcase classname="tests.integration.test_draft_flow.TestDraftServiceIntegration" name="test_draft_service_formats_legal_context" time="0.000" /><testcase classname="tests.integration.test_draft_flow.TestDraftServiceIntegration" name="test_draft_service_empty_legal_context" time="0.000" /><testcase classname="tests.integration.test_party_api.TestPartyGraphIntegration" name="test_complete_party_crud_cycle" time="0.341" /><testcase classname="tests.integration.test_party_api.TestPartyGraphIntegration" name="test_create_divorce_case_graph" time="0.661" /><testcase classname="tests.integration.test_party_api.TestPartyGraphIntegration" name="test_graph_persistence_simulation" time="0.327" /><testcase classname="tests.integration.test_party_api.TestPartyGraphIntegration" name="test_position_update_auto_save" time="0.317" /><testcase classname="tests.integration.test_party_api.TestPartyGraphIntegration" name="test_cascade_delete_party_with_relationships" time="0.340" /><testcase classname="tests.integration.test_party_api.TestEvidenceLinkIntegration" name="test_link_evidence_to_party_workflow" time="0.359" /><testcase classname="tests.integration.test_party_api.TestEvidenceLinkIntegration" name="test_link_evidence_to_relationship" time="0.352" /><testcase classname="tests.integration.test_party_api.TestEvidenceLinkIntegration" name="test_multiple_link_types_for_same_evidence" time="0.334" /><testcase classname="tests.integration.test_search_smoke.TestSearchSmoke" name="test_global_search_endpoint_responds" time="0.288" /><testcase classname="tests.integration.test_search_smoke.TestSearchSmoke" name="test_search_quick_access_endpoint_responds" time="0.278" /><testcase classname="tests.integration.test_search_smoke.TestSearchSmoke" name="test_search_recent_endpoint_responds" time="0.273" /><testcase classname="tests.integration.test_search_smoke.TestSearchSmoke" name="test_semantic_search_endpoint_responds" time="0.289" /><testcase classname="tests.integration.test_search_smoke.TestSearchSmoke" name="test_search_requires_authentication" time="0.042" /><testcase classname="tests.integration.test_search_smoke.TestDraftPreviewSmoke" name="test_draft_preview_endpoint_responds" time="0.298" /><testcase classname="tests.integration.test_search_smoke.TestDraftPreviewSmoke" name="test_draft_preview_requires_authentication" time="0.024" /><testcase classname="tests.integration.test_search_smoke.TestDraftExportSmoke" name="test_draft_export_endpoint_responds" time="0.294" /><testcase classname="tests.integration.test_search_smoke.TestDraftExportSmoke" name="test_draft_export_requires_authentication" time="0.024" /><testcase classname="tests.security.test_authentication.TestAuthLoginSecurity" name="test_reject_request_without_token" time="0.019"><skipped type="pytest.skip" message="Login endpoint does not require authentication">/Users/admin/Documents/dev/leh/backend/tests/security/test_authentication.py:37: Login endpoint does not require authentication</skipped></testcase><testcase classname="tests.security.test_authentication.TestAuthLoginSecurity" name="test_reject_expired_token" time="0.019"><skipped type="pytest.skip" message="Login endpoint issues tokens, doesn't validate them">/Users/admin/Documents/dev/leh/backend/tests/security/test_authentication.py:42: Login endpoint issues tokens, doesn't validate them</skipped></testcase><testcase classname="tests.security.test_authentication.TestAuthLoginSecurity" name="test_reject_tampered_token" time="0.018"><skipped type="pytest.skip" message="Login endpoint issues tokens, doesn't validate them">/Users/admin/Documents/dev/leh/backend/tests/security/test_authentication.py:47: Login endpoint issues tokens, doesn't validate them</skipped></testcase><testcase classname="tests.security.test_authentication.TestAuthLoginSecurity" name="test_reject_malformed_token" time="0.019"><skipped type="pytest.skip" message="Login endpoint issues tokens, doesn't validate them">/Users/admin/Documents/dev/leh/backend/tests/security/test_authentication.py:52: Login endpoint issues tokens, doesn't validate them</skipped></testcase><testcase classname="tests.security.test_authentication.TestAuthLoginSecurity" name="test_login_rate_limiting" time="0.163" /><testcase classname="tests.security.test_authentication.TestAuthLoginSecurity" name="test_no_user_enumeration_on_login" time="0.033" /><testcase classname="tests.security.test_authentication.TestAuthLoginSecurity" name="test_sql_injection_in_email['; DROP TABLE users; --]" time="0.025" /><testcase classname="tests.security.test_authentication.TestAuthLoginSecurity" name="test_sql_injection_in_email[1' OR '1'='1]" time="0.025" /><testcase classname="tests.security.test_authentication.TestAuthLoginSecurity" name="test_sql_injection_in_email[1; SELECT * FROM users]" time="0.026" /><testcase classname="tests.security.test_authentication.TestProtectedEndpointSecurity" name="test_reject_request_without_token" time="0.026" /><testcase classname="tests.security.test_authentication.TestProtectedEndpointSecurity" name="test_reject_expired_token" time="0.028" /><testcase classname="tests.security.test_authentication.TestProtectedEndpointSecurity" name="test_reject_tampered_token" time="0.026" /><testcase classname="tests.security.test_authentication.TestProtectedEndpointSecurity" name="test_reject_malformed_token" time="0.025" /><testcase classname="tests.security.test_authorization.TestCaseAuthorization" name="test_deny_access_to_other_user_resource" time="0.279" /><testcase classname="tests.security.test_authorization.TestCaseAuthorization" name="test_enforce_role_based_access" time="0.279" /><testcase classname="tests.security.test_authorization.TestCaseAuthorization" name="test_user_cannot_access_others_case" time="0.277" /><testcase classname="tests.security.test_authorization.TestCaseAuthorization" name="test_viewer_cannot_modify_case" time="0.297"><skipped type="pytest.skip" message="User is owner, not viewer">/Users/admin/Documents/dev/leh/backend/tests/security/test_authorization.py:63: User is owner, not viewer</skipped></testcase><testcase classname="tests.security.test_authorization.TestCaseAuthorization" name="test_horizontal_privilege_escalation" time="0.543" /><testcase classname="tests.security.test_authorization.TestAdminAuthorization" name="test_non_admin_cannot_access_admin_endpoints" time="0.293" /><testcase classname="tests.security.test_authorization.TestAdminAuthorization" name="test_admin_can_access_admin_endpoints" time="0.359" /><testcase classname="tests.security.test_authorization.TestTenantIsolation" name="test_case_isolation_by_owner" time="0.294" /><testcase classname="tests.security.test_authorization.TestTenantIsolation" name="test_evidence_isolation" time="0.480" /><testcase classname="tests.security.test_input_validation.TestUserInputValidation" name="test_reject_sql_injection['; DROP TABLE users; --]" time="0.000"><skipped type="pytest.skip" message="Endpoint /api/users does not exist - use /api/auth/register instead">/Users/admin/Documents/dev/leh/backend/tests/security/base.py:222: Endpoint /api/users does not exist - use /api/auth/register instead</skipped></testcase><testcase classname="tests.security.test_input_validation.TestUserInputValidation" name="test_reject_sql_injection[1' OR '1'='1]" time="0.000"><skipped type="pytest.skip" message="Endpoint /api/users does not exist - use /api/auth/register instead">/Users/admin/Documents/dev/leh/backend/tests/security/base.py:222: Endpoint /api/users does not exist - use /api/auth/register instead</skipped></testcase><testcase classname="tests.security.test_input_validation.TestUserInputValidation" name="test_reject_sql_injection[1; SELECT * FROM users]" time="0.000"><skipped type="pytest.skip" message="Endpoint /api/users does not exist - use /api/auth/register instead">/Users/admin/Documents/dev/leh/backend/tests/security/base.py:222: Endpoint /api/users does not exist - use /api/auth/register instead</skipped></testcase><testcase classname="tests.security.test_input_validation.TestUserInputValidation" name="test_reject_xss_attempt[&lt;script&gt;alert('xss')&lt;/script&gt;]" time="0.000"><skipped type="pytest.skip" message="Endpoint /api/users does not exist - use /api/auth/register instead">/Users/admin/Documents/dev/leh/backend/tests/security/base.py:237: Endpoint /api/users does not exist - use /api/auth/register instead</skipped></testcase><testcase classname="tests.security.test_input_validation.TestUserInputValidation" name="test_reject_xss_attempt[&lt;img src=x onerror=alert('xss')&gt;]" time="0.000"><skipped type="pytest.skip" message="Endpoint /api/users does not exist - use /api/auth/register instead">/Users/admin/Documents/dev/leh/backend/tests/security/base.py:237: Endpoint /api/users does not exist - use /api/auth/register instead</skipped></testcase><testcase classname="tests.security.test_input_validation.TestUserInputValidation" name="test_reject_xss_attempt[&lt;svg onload=alert('xss')&gt;]" time="0.000"><skipped type="pytest.skip" message="Endpoint /api/users does not exist - use /api/auth/register instead">/Users/admin/Documents/dev/leh/backend/tests/security/base.py:237: Endpoint /api/users does not exist - use /api/auth/register instead</skipped></testcase><testcase classname="tests.security.test_input_validation.TestUserInputValidation" name="test_reject_path_traversal[../../../etc/passwd]" time="0.000"><skipped type="pytest.skip" message="Endpoint /api/users does not exist - use /api/auth/register instead">/Users/admin/Documents/dev/leh/backend/tests/security/base.py:249: Endpoint /api/users does not exist - use /api/auth/register instead</skipped></testcase><testcase classname="tests.security.test_input_validation.TestUserInputValidation" name="test_reject_path_traversal[..\\..\\..\\windows\\system32\\config\\sam]" time="0.000"><skipped type="pytest.skip" message="Endpoint /api/users does not exist - use /api/auth/register instead">/Users/admin/Documents/dev/leh/backend/tests/security/base.py:249: Endpoint /api/users does not exist - use /api/auth/register instead</skipped></testcase><testcase classname="tests.security.test_input_validation.TestUserInputValidation" name="test_reject_path_traversal[....//....//....//etc/passwd]" time="0.000"><skipped type="pytest.skip" message="Endpoint /api/users does not exist - use /api/auth/register instead">/Users/admin/Documents/dev/leh/backend/tests/security/base.py:249: Endpoint /api/users does not exist - use /api/auth/register instead</skipped></testcase><testcase classname="tests.security.test_input_validation.TestUserInputValidation" name="test_reject_command_injection[; ls -la]" time="0.000"><skipped type="pytest.skip" message="Endpoint /api/users does not exist - use /api/auth/register instead">/Users/admin/Documents/dev/leh/backend/tests/security/base.py:259: Endpoint /api/users does not exist - use /api/auth/register instead</skipped></testcase><testcase classname="tests.security.test_input_validation.TestUserInputValidation" name="test_reject_command_injection[| cat /etc/passwd]" time="0.000"><skipped type="pytest.skip" message="Endpoint /api/users does not exist - use /api/auth/register instead">/Users/admin/Documents/dev/leh/backend/tests/security/base.py:259: Endpoint /api/users does not exist - use /api/auth/register instead</skipped></testcase><testcase classname="tests.security.test_input_validation.TestUserInputValidation" name="test_reject_command_injection[`whoami`]" time="0.000"><skipped type="pytest.skip" message="Endpoint /api/users does not exist - use /api/auth/register instead">/Users/admin/Documents/dev/leh/backend/tests/security/base.py:259: Endpoint /api/users does not exist - use /api/auth/register instead</skipped></testcase><testcase classname="tests.security.test_input_validation.TestUserInputValidation" name="test_email_format_validation" time="0.000"><skipped type="pytest.skip" message="Endpoint /api/users does not exist - use /api/auth/register instead">/Users/admin/Documents/dev/leh/backend/tests/security/test_input_validation.py:32: Endpoint /api/users does not exist - use /api/auth/register instead</skipped></testcase><testcase classname="tests.security.test_input_validation.TestUserInputValidation" name="test_password_requirements" time="0.000"><skipped type="pytest.skip" message="Endpoint /api/users does not exist - use /api/auth/register instead">/Users/admin/Documents/dev/leh/backend/tests/security/test_input_validation.py:54: Endpoint /api/users does not exist - use /api/auth/register instead</skipped></testcase><testcase classname="tests.security.test_input_validation.TestCaseInputValidation" name="test_reject_sql_injection['; DROP TABLE users; --]" time="0.289" /><testcase classname="tests.security.test_input_validation.TestCaseInputValidation" name="test_reject_sql_injection[1' OR '1'='1]" time="0.285" /><testcase classname="tests.security.test_input_validation.TestCaseInputValidation" name="test_reject_sql_injection[1; SELECT * FROM users]" time="0.294" /><testcase classname="tests.security.test_input_validation.TestCaseInputValidation" name="test_reject_xss_attempt" time="0.000"><skipped type="pytest.skip" message="XSS prevention is frontend responsibility - React auto-escapes">/Users/admin/Documents/dev/leh/backend/tests/security/test_input_validation.py:92: XSS prevention is frontend responsibility - React auto-escapes</skipped></testcase><testcase classname="tests.security.test_input_validation.TestCaseInputValidation" name="test_reject_path_traversal" time="0.000"><skipped type="pytest.skip" message="Title is a string field - no path operations performed">/Users/admin/Documents/dev/leh/backend/tests/security/test_input_validation.py:96: Title is a string field - no path operations performed</skipped></testcase><testcase classname="tests.security.test_input_validation.TestCaseInputValidation" name="test_reject_command_injection" time="0.000"><skipped type="pytest.skip" message="No shell commands executed with title field">/Users/admin/Documents/dev/leh/backend/tests/security/test_input_validation.py:100: No shell commands executed with title field</skipped></testcase><testcase classname="tests.security.test_input_validation.TestCaseInputValidation" name="test_title_length_limit" time="0.293" /><testcase classname="tests.security.test_input_validation.TestCaseInputValidation" name="test_xss_in_title[&lt;script&gt;alert('xss')&lt;/script&gt;]" time="0.000"><skipped type="pytest.skip" message="XSS prevention is frontend responsibility - backend stores raw text">/Users/admin/Documents/dev/leh/backend/tests/security/test_input_validation.py:119: XSS prevention is frontend responsibility - backend stores raw text</skipped></testcase><testcase classname="tests.security.test_input_validation.TestCaseInputValidation" name="test_xss_in_title[&lt;img src=x onerror=alert('xss')&gt;]" time="0.000"><skipped type="pytest.skip" message="XSS prevention is frontend responsibility - backend stores raw text">/Users/admin/Documents/dev/leh/backend/tests/security/test_input_validation.py:119: XSS prevention is frontend responsibility - backend stores raw text</skipped></testcase><testcase classname="tests.security.test_input_validation.TestCaseInputValidation" name="test_xss_in_title[&lt;svg onload=alert('xss')&gt;]" time="0.000"><skipped type="pytest.skip" message="XSS prevention is frontend responsibility - backend stores raw text">/Users/admin/Documents/dev/leh/backend/tests/security/test_input_validation.py:119: XSS prevention is frontend responsibility - backend stores raw text</skipped></testcase><testcase classname="tests.security.test_input_validation.TestFileUploadValidation" name="test_file_type_validation" time="0.000"><skipped type="pytest.skip" message="File extension validation not yet implemented - TODO: add whitelist">/Users/admin/Documents/dev/leh/backend/tests/security/test_input_validation.py:142: File extension validation not yet implemented - TODO: add whitelist</skipped></testcase><testcase classname="tests.security.test_input_validation.TestFileUploadValidation" name="test_filename_path_traversal" time="0.000"><skipped type="pytest.skip" message="File extension validation not yet implemented - TODO: add whitelist">/Users/admin/Documents/dev/leh/backend/tests/security/test_input_validation.py:171: File extension validation not yet implemented - TODO: add whitelist</skipped></testcase><testcase classname="tests.security.test_input_validation.TestSearchInputValidation" name="test_search_query_sql_injection['; DROP TABLE users; --]" time="0.296" /><testcase classname="tests.security.test_input_validation.TestSearchInputValidation" name="test_search_query_sql_injection[1' OR '1'='1]" time="0.283" /><testcase classname="tests.security.test_input_validation.TestSearchInputValidation" name="test_search_query_sql_injection[1; SELECT * FROM users]" time="0.284" /><testcase classname="tests.security.test_input_validation.TestSearchInputValidation" name="test_search_query_length_limit" time="0.288" /><testcase classname="tests.test_api.test_admin_roles.TestGetAdminRoles" name="test_should_return_all_role_permissions_when_admin_requests" time="0.280" /><testcase classname="tests.test_api.test_admin_roles.TestGetAdminRoles" name="test_should_return_403_when_non_admin_tries_to_get_roles" time="0.280" /><testcase classname="tests.test_api.test_admin_roles.TestGetAdminRoles" name="test_should_return_401_when_not_authenticated" time="0.026" /><testcase classname="tests.test_api.test_admin_roles.TestPutAdminRolesPermissions" name="test_should_update_role_permissions_when_admin_requests" time="0.281" /><testcase classname="tests.test_api.test_admin_roles.TestPutAdminRolesPermissions" name="test_should_return_403_when_non_admin_tries_to_update_permissions" time="0.282" /><testcase classname="tests.test_api.test_admin_roles.TestPutAdminRolesPermissions" name="test_should_return_401_when_not_authenticated" time="0.026" /><testcase classname="tests.test_api.test_admin_users.TestPostAdminUsersInvite" name="test_should_create_invite_token_when_admin_invites_user" time="0.290" /><testcase classname="tests.test_api.test_admin_users.TestPostAdminUsersInvite" name="test_should_return_400_when_inviting_existing_user" time="0.282" /><testcase classname="tests.test_api.test_admin_users.TestPostAdminUsersInvite" name="test_should_return_403_when_non_admin_tries_to_invite" time="0.318" /><testcase classname="tests.test_api.test_admin_users.TestPostAdminUsersInvite" name="test_should_return_401_when_not_authenticated" time="0.027" /><testcase classname="tests.test_api.test_admin_users.TestGetAdminUsers" name="test_should_list_all_users_when_admin_requests" time="0.548" /><testcase classname="tests.test_api.test_admin_users.TestGetAdminUsers" name="test_should_filter_by_email_when_query_provided" time="0.293" /><testcase classname="tests.test_api.test_admin_users.TestGetAdminUsers" name="test_should_filter_by_role_when_query_provided" time="0.287" /><testcase classname="tests.test_api.test_admin_users.TestGetAdminUsers" name="test_should_return_403_when_non_admin_tries_to_list_users" time="0.282" /><testcase classname="tests.test_api.test_admin_users.TestDeleteAdminUsersUserId" name="test_should_soft_delete_user_when_admin_deletes" time="0.534" /><testcase classname="tests.test_api.test_admin_users.TestDeleteAdminUsersUserId" name="test_should_return_400_when_admin_tries_to_delete_self" time="0.283" /><testcase classname="tests.test_api.test_admin_users.TestDeleteAdminUsersUserId" name="test_should_return_404_when_user_not_found" time="0.286" /><testcase classname="tests.test_api.test_admin_users.TestDeleteAdminUsersUserId" name="test_should_return_403_when_non_admin_tries_to_delete" time="0.279" /><testcase classname="tests.test_api.test_article_840_tags.TestArticle840Tags" name="test_get_evidence_detail_with_article_840_tags" time="0.298" /><testcase classname="tests.test_api.test_article_840_tags.TestArticle840Tags" name="test_get_evidence_detail_without_article_840_tags" time="0.293" /><testcase classname="tests.test_api.test_article_840_tags.TestArticle840Tags" name="test_list_case_evidence_includes_article_840_tags" time="0.298" /><testcase classname="tests.test_api.test_article_840_tags.TestArticle840Tags" name="test_filter_evidence_by_single_category" time="0.299" /><testcase classname="tests.test_api.test_article_840_tags.TestArticle840Tags" name="test_filter_evidence_by_multiple_categories" time="0.333" /><testcase classname="tests.test_api.test_article_840_tags.TestArticle840Tags" name="test_filter_evidence_excludes_untagged_items" time="0.291" /><testcase classname="tests.test_api.test_article_840_tags.TestArticle840Tags" name="test_article_840_category_enum_values" time="0.001" /><testcase classname="tests.test_api.test_audit_log.TestAuditLogAPI" name="test_get_audit_logs_with_pagination" time="0.303" /><testcase classname="tests.test_api.test_audit_log.TestAuditLogAPI" name="test_get_audit_logs_with_date_filter" time="0.307" /><testcase classname="tests.test_api.test_audit_log.TestAuditLogAPI" name="test_get_audit_logs_with_user_filter" time="0.305" /><testcase classname="tests.test_api.test_audit_log.TestAuditLogAPI" name="test_get_audit_logs_with_actions_filter" time="0.307" /><testcase classname="tests.test_api.test_audit_log.TestAuditLogAPI" name="test_get_audit_logs_requires_admin" time="0.287" /><testcase classname="tests.test_api.test_audit_log.TestAuditLogAPI" name="test_export_audit_logs_csv" time="0.304" /><testcase classname="tests.test_api.test_audit_log.TestAuditLogAPI" name="test_export_audit_logs_with_filters" time="
[...]
e classname="tests.unit.test_qdrant_client.TestSearchEvidenceBySemantic" name="test_search_returns_results_with_scores" time="0.002" /><testcase classname="tests.unit.test_qdrant_client.TestSearchEvidenceBySemantic" name="test_search_handles_exception_gracefully" time="0.001" /><testcase classname="tests.unit.test_qdrant_client.TestSearchEvidenceBySemantic" name="test_search_applies_filters" time="0.002" /><testcase classname="tests.unit.test_qdrant_client.TestIndexEvidenceDocument" name="test_index_creates_collection_if_not_exists" time="0.002" /><testcase classname="tests.unit.test_qdrant_client.TestIndexEvidenceDocument" name="test_index_raises_without_id" time="0.001" /><testcase classname="tests.unit.test_qdrant_client.TestIndexEvidenceDocument" name="test_index_raises_without_vector_or_content" time="0.002" /><testcase classname="tests.unit.test_qdrant_client.TestCreateCaseCollection" name="test_create_returns_true_if_exists" time="0.001" /><testcase classname="tests.unit.test_qdrant_client.TestCreateCaseCollection" name="test_create_creates_new_collection" time="0.001" /><testcase classname="tests.unit.test_qdrant_client.TestDeleteCaseCollection" name="test_delete_returns_false_if_not_exists" time="0.001" /><testcase classname="tests.unit.test_qdrant_client.TestDeleteCaseCollection" name="test_delete_deletes_existing_collection" time="0.002" /><testcase classname="tests.unit.test_qdrant_client.TestDeleteCaseCollection" name="test_delete_returns_false_on_exception" time="0.001" /><testcase classname="tests.unit.test_qdrant_client.TestGetAllDocumentsInCase" name="test_returns_empty_if_collection_not_exists" time="0.001" /><testcase classname="tests.unit.test_qdrant_client.TestGetAllDocumentsInCase" name="test_returns_documents" time="0.001" /><testcase classname="tests.unit.test_qdrant_client.TestGetAllDocumentsInCase" name="test_returns_empty_on_exception" time="0.002" /><testcase classname="tests.unit.test_qdrant_client.TestSearchLegalKnowledge" name="test_returns_empty_if_collection_not_exists" time="0.001" /><testcase classname="tests.unit.test_qdrant_client.TestSearchLegalKnowledge" name="test_returns_legal_documents_with_scores" time="0.002" /><testcase classname="tests.unit.test_qdrant_client.TestSearchLegalKnowledge" name="test_applies_doc_type_filter" time="0.002" /><testcase classname="tests.unit.test_qdrant_client.TestSearchLegalKnowledge" name="test_returns_empty_on_exception" time="0.001" /><testcase classname="tests.unit.test_qdrant_client.TestGetTemplateByType" name="test_returns_none_if_collection_not_exists" time="0.001" /><testcase classname="tests.unit.test_qdrant_client.TestGetTemplateByType" name="test_returns_template" time="0.001" /><testcase classname="tests.unit.test_qdrant_client.TestGetTemplateByType" name="test_returns_none_if_not_found" time="0.001" /><testcase classname="tests.unit.test_qdrant_client.TestGetTemplateByType" name="test_returns_none_on_exception" time="0.002" /><testcase classname="tests.unit.test_qdrant_client.TestGetTemplateSchemaForPrompt" name="test_returns_json_schema" time="0.001" /><testcase classname="tests.unit.test_qdrant_client.TestGetTemplateSchemaForPrompt" name="test_returns_none_if_no_template" time="0.000" /><testcase classname="tests.unit.test_qdrant_client.TestGetTemplateSchemaForPrompt" name="test_returns_none_if_no_schema" time="0.001" /><testcase classname="tests.unit.test_qdrant_client.TestGetTemplateExampleForPrompt" name="test_returns_json_example" time="0.001" /><testcase classname="tests.unit.test_qdrant_client.TestGetTemplateExampleForPrompt" name="test_returns_none_if_no_template" time="0.000" /><testcase classname="tests.unit.test_qdrant_client.TestBackwardCompatibilityAliases" name="test_delete_case_index_calls_delete_case_collection" time="0.000" /><testcase classname="tests.unit.test_qdrant_client.TestBackwardCompatibilityAliases" name="test_create_case_index_calls_create_case_collection" time="0.001" /><testcase classname="tests.unit.test_rag_orchestrator.TestRAGOrchestratorInit" name="test_init" time="0.001" /><testcase classname="tests.unit.test_rag_orchestrator.TestPerformRagSearch" name="test_perform_rag_search_with_청구원인" time="0.001" /><testcase classname="tests.unit.test_rag_orchestrator.TestPerformRagSearch" name="test_perform_rag_search_general_sections" time="0.001" /><testcase classname="tests.unit.test_rag_orchestrator.TestBuildQdrantFilter" name="test_build_filter_case_id_only" time="0.000" /><testcase classname="tests.unit.test_rag_orchestrator.TestBuildQdrantFilter" name="test_build_filter_with_labels" time="0.000" /><testcase classname="tests.unit.test_rag_orchestrator.TestBuildQdrantFilter" name="test_build_filter_empty_labels" time="0.000" /><testcase classname="tests.unit.test_rag_orchestrator.TestFormatEvidenceContext" name="test_format_empty_evidence" time="0.000" /><testcase classname="tests.unit.test_rag_orchestrator.TestFormatEvidenceContext" name="test_format_single_evidence" time="0.000" /><testcase classname="tests.unit.test_rag_orchestrator.TestFormatEvidenceContext" name="test_format_multiple_evidence" time="0.001" /><testcase classname="tests.unit.test_rag_orchestrator.TestFormatEvidenceContext" name="test_format_evidence_truncates_long_content" time="0.000" /><testcase classname="tests.unit.test_rag_orchestrator.TestFormatEvidenceContext" name="test_format_evidence_missing_fields" time="0.002" /><testcase classname="tests.unit.test_rag_orchestrator.TestFormatEvidenceContext" name="test_format_evidence_fallback_fields" time="0.000" /><testcase classname="tests.unit.test_rag_orchestrator.TestFormatLegalContext" name="test_format_empty_legal" time="0.000" /><testcase classname="tests.unit.test_rag_orchestrator.TestFormatLegalContext" name="test_format_single_legal_document" time="0.000" /><testcase classname="tests.unit.test_rag_orchestrator.TestFormatLegalContext" name="test_format_multiple_legal_documents" time="0.000" /><testcase classname="tests.unit.test_rag_orchestrator.TestFormatLegalContext" name="test_format_legal_fallback_text_field" time="0.000" /><testcase classname="tests.unit.test_rag_orchestrator.TestFormatLegalContext" name="test_format_legal_missing_article_number" time="0.000" /><testcase classname="tests.unit.test_rag_orchestrator.TestFormatLegalContext" name="test_format_legal_missing_content" time="0.000" /><testcase classname="tests.unit.test_rag_orchestrator.TestFormatLegalContext" name="test_format_legal_default_statute_name" time="0.000" /><testcase classname="tests.unit.test_rag_orchestrator.TestFormatRagContext" name="test_format_empty_rag_results" time="0.000" /><testcase classname="tests.unit.test_rag_orchestrator.TestFormatRagContext" name="test_format_rag_results" time="0.000" /><testcase classname="tests.unit.test_rag_orchestrator.TestFormatRagContext" name="test_format_rag_context_truncates_long_content" time="0.000" /><testcase classname="tests.unit.test_rag_orchestrator.TestFormatRagContext" name="test_format_rag_context_missing_id" time="0.000" /><testcase classname="tests.unit.test_rag_orchestrator.TestGetRagOrchestrator" name="test_get_rag_orchestrator_returns_instance" time="0.000" /><testcase classname="tests.unit.test_rag_orchestrator.TestGetRagOrchestrator" name="test_get_rag_orchestrator_returns_same_instance" time="0.000" /><testcase classname="tests.unit.test_relationship_service.TestRelationshipServiceCreate" name="test_create_relationship_success" time="0.360" /><testcase classname="tests.unit.test_relationship_service.TestRelationshipServiceCreate" name="test_create_relationship_self_reference_raises_error" time="0.270" /><testcase classname="tests.unit.test_relationship_service.TestRelationshipServiceCreate" name="test_create_relationship_duplicate_raises_error" time="0.276" /><testcase classname="tests.unit.test_relationship_service.TestRelationshipServiceCreate" name="test_create_relationship_party_not_in_case_raises_error" time="0.395" /><testcase classname="tests.unit.test_relationship_service.TestRelationshipServiceGet" name="test_get_relationship_success" time="0.286" /><testcase classname="tests.unit.test_relationship_service.TestRelationshipServiceGet" name="test_get_relationship_not_found_raises_error" time="0.002" /><testcase classname="tests.unit.test_relationship_service.TestRelationshipServiceGet" name="test_get_relationships_for_case_returns_all" time="0.274" /><testcase classname="tests.unit.test_relationship_service.TestRelationshipServiceUpdate" name="test_update_relationship_success" time="0.281" /><testcase classname="tests.unit.test_relationship_service.TestRelationshipServiceDelete" name="test_delete_relationship_success" time="0.301" /><testcase classname="tests.unit.test_relationship_service.TestRelationshipServicePartyGraph" name="test_get_party_graph_returns_nodes_and_relationships" time="0.287" /><testcase classname="tests.unit.test_relationship_service.TestRelationshipServicePartyGraph" name="test_get_party_graph_case_not_found_raises_error" time="0.002" /><testcase classname="tests.unit.test_role_management_service.TestGetAllRoles" name="test_get_all_roles_returns_three_roles" time="0.000" /><testcase classname="tests.unit.test_role_management_service.TestGetAllRoles" name="test_get_all_roles_returns_role_permissions" time="0.000" /><testcase classname="tests.unit.test_role_management_service.TestGetRolePermissions" name="test_get_admin_permissions" time="0.000" /><testcase classname="tests.unit.test_role_management_service.TestGetRolePermissions" name="test_get_lawyer_permissions" time="0.000" /><testcase classname="tests.unit.test_role_management_service.TestGetRolePermissions" name="test_get_staff_permissions" time="0.000" /><testcase classname="tests.unit.test_role_management_service.TestUpdateRolePermissions" name="test_update_role_permissions_success" time="0.000" /><testcase classname="tests.unit.test_role_management_service.TestUpdateRolePermissions" name="test_update_role_permissions_persists" time="0.000" /><testcase classname="tests.unit.test_s3_utils.TestGeneratePresignedUploadUrl" name="test_generates_presigned_url_successfully" time="0.002" /><testcase classname="tests.unit.test_s3_utils.TestGeneratePresignedUploadUrl" name="test_enforces_max_expiration_300_seconds" time="0.001" /><testcase classname="tests.unit.test_s3_utils.TestGeneratePresignedUploadUrl" name="test_uses_provided_expiration_within_limit" time="0.001" /><testcase classname="tests.unit.test_s3_utils.TestGeneratePresignedUploadUrl" name="test_raises_exception_on_error" time="0.001" /><testcase classname="tests.unit.test_s3_utils.TestGeneratePresignedDownloadUrl" name="test_generates_presigned_url_successfully" time="0.001" /><testcase classname="tests.unit.test_s3_utils.TestGeneratePresignedDownloadUrl" name="test_enforces_max_expiration_300_seconds" time="0.001" /><testcase classname="tests.unit.test_s3_utils.TestGeneratePresignedDownloadUrl" name="test_raises_exception_on_error" time="0.001" /><testcase classname="tests.unit.test_s3_utils.TestUploadExportFile" name="test_uploads_file_successfully" time="0.001" /><testcase classname="tests.unit.test_s3_utils.TestUploadExportFile" name="test_caps_expiration_to_24_hours" time="0.001" /><testcase classname="tests.unit.test_s3_utils.TestUploadExportFile" name="test_uploads_with_correct_metadata" time="0.001" /><testcase classname="tests.unit.test_s3_utils.TestUploadExportFile" name="test_raises_exception_on_error" time="0.001" /><testcase classname="tests.unit.test_s3_utils.TestGenerateExportDownloadUrl" name="test_generates_download_url_successfully" time="0.001" /><testcase classname="tests.unit.test_s3_utils.TestGenerateExportDownloadUrl" name="test_adds_content_disposition_with_filename" time="0.001" /><testcase classname="tests.unit.test_s3_utils.TestGenerateExportDownloadUrl" name="test_no_content_disposition_without_filename" time="0.001" /><testcase classname="tests.unit.test_s3_utils.TestGenerateExportDownloadUrl" name="test_caps_expiration_to_3600_seconds" time="0.001" /><testcase classname="tests.unit.test_s3_utils.TestGenerateExportDownloadUrl" name="test_raises_exception_on_error" time="0.002" /><testcase classname="tests.unit.test_s3_utils.TestDeleteExportFile" name="test_deletes_file_successfully" time="0.001" /><testcase classname="tests.unit.test_s3_utils.TestDeleteExportFile" name="test_raises_exception_on_error" time="0.001" /><testcase classname="tests.unit.test_s3_utils.TestS3Constants" name="test_exports_prefix_value" time="0.000" /><testcase classname="tests.unit.test_s3_utils.TestS3Constants" name="test_exports_bucket_is_set" time="0.000" /><testcase classname="tests.unit.test_search_service.TestSearchResult" name="test_search_result_init_default_values" time="0.000" /><testcase classname="tests.unit.test_search_service.TestSearchResult" name="test_search_result_init_all_values" time="0.000" /><testcase classname="tests.unit.test_search_service.TestSearchResult" name="test_search_result_to_dict" time="0.000" /><testcase classname="tests.unit.test_search_service.TestSearchServiceInit" name="test_init_stores_db" time="0.001" /><testcase classname="tests.unit.test_search_service.TestSearchServiceSearch" name="test_search_empty_query_returns_empty" time="0.001" /><testcase classname="tests.unit.test_search_service.TestSearchServiceSearch" name="test_search_short_query_returns_empty" time="0.000" /><testcase classname="tests.unit.test_search_service.TestSearchServiceSearch" name="test_search_whitespace_query_returns_empty" time="0.000" /><testcase classname="tests.unit.test_search_service.TestSearchServiceSearch" name="test_search_none_query_returns_empty" time="0.001" /><testcase classname="tests.unit.test_search_service.TestSearchServiceGetRecentSearches" name="test_get_recent_searches_returns_list" time="0.001" /><testcase classname="tests.unit.test_search_service.TestSearchServiceGetRecentSearches" name="test_get_recent_searches_with_limit" time="0.000" /><testcase classname="tests.unit.test_user_management_service.TestInviteUser" name="test_invite_user_success" time="0.260" /><testcase classname="tests.unit.test_user_management_service.TestInviteUser" name="test_invite_user_already_exists" time="0.519" /><testcase classname="tests.unit.test_user_management_service.TestListUsers" name="test_list_users_all" time="0.849" /><testcase classname="tests.unit.test_user_management_service.TestListUsers" name="test_list_users_with_role_filter" time="0.512" /><testcase classname="tests.unit.test_user_management_service.TestDeleteUser" name="test_delete_user_success" time="0.509" /><testcase classname="tests.unit.test_user_management_service.TestDeleteUser" name="test_delete_user_self_deletion" time="0.258" /><testcase classname="tests.unit.test_user_management_service.TestDeleteUser" name="test_delete_user_not_found" time="0.253" /><testcase classname="tests.unit.test_user_repository.TestGetAllFilters" name="test_get_all_filter_by_email" time="0.510" /><testcase classname="tests.unit.test_user_repository.TestGetAllFilters" name="test_get_all_filter_by_name" time="0.260" /><testcase classname="tests.unit.test_user_repository.TestGetAllFilters" name="test_get_all_filter_by_status" time="0.256" /><testcase classname="tests.unit.test_verify_internal_api_key.TestVerifyInternalApiKeyIntegration" name="test_production_without_key_raises_500" time="0.002" /><testcase classname="tests.unit.test_verify_internal_api_key.TestVerifyInternalApiKeyIntegration" name="test_prod_env_without_key_raises_500" time="0.001" /><testcase classname="tests.unit.test_verify_internal_api_key.TestVerifyInternalApiKeyIntegration" name="test_development_without_key_allows_all" time="0.001" /><testcase classname="tests.unit.test_verify_internal_api_key.TestVerifyInternalApiKeyIntegration" name="test_test_env_without_key_allows_all" time="0.001" /><testcase classname="tests.unit.test_verify_internal_api_key.TestVerifyInternalApiKeyIntegration" name="test_valid_api_key_returns_true" time="0.001" /><testcase classname="tests.unit.test_verify_internal_api_key.TestVerifyInternalApiKeyIntegration" name="test_missing_api_key_header_raises_error" time="0.001" /><testcase classname="tests.unit.test_verify_internal_api_key.TestVerifyInternalApiKeyIntegration" name="test_invalid_api_key_raises_error" time="0.001" /><testcase classname="tests.unit.test_verify_internal_api_key.TestVerifyInternalApiKeyIntegration" name="test_production_with_valid_key_works" time="0.001" /><testcase classname="tests.unit.test_verify_internal_api_key.TestVerifyInternalApiKeyIntegration" name="test_production_with_invalid_key_raises_error" time="0.018"><error message="failed on teardown with &quot;sqlalchemy.exc.OperationalError: (sqlite3.OperationalError) disk I/O error&#10;[SQL: PRAGMA main.table_info(&quot;users&quot;)]&#10;(Background on this error at: https://sqlalche.me/e/20/e3q8)&quot;">../../../../Library/Python/3.9/lib/python/site-packages/sqlalchemy/engine/base.py:1967: in _exec_single_context
    self.dialect.do_execute(
../../../../Library/Python/3.9/lib/python/site-packages/sqlalchemy/engine/default.py:951: in do_execute
    cursor.execute(statement, parameters)
E   sqlite3.OperationalError: disk I/O error

The above exception was the direct cause of the following exception:
tests/conftest.py:204: in test_env
    Base.metadata.drop_all(bind=engine)
../../../../Library/Python/3.9/lib/python/site-packages/sqlalchemy/sql/schema.py:5956: in drop_all
    bind._run_ddl_visitor(
../../../../Library/Python/3.9/lib/python/site-packages/sqlalchemy/engine/base.py:3252: in _run_ddl_visitor
    conn._run_ddl_visitor(visitorcallable, element, **kwargs)
../../../../Library/Python/3.9/lib/python/site-packages/sqlalchemy/engine/base.py:2457: in _run_ddl_visitor
    visitorcallable(
../../../../Library/Python/3.9/lib/python/site-packages/sqlalchemy/sql/visitors.py:661: in traverse_single
    return meth(obj, **kw)
../../../../Library/Python/3.9/lib/python/site-packages/sqlalchemy/sql/ddl.py:1084: in visit_metadata
    unsorted_tables = [t for t in tables if self._can_drop_table(t)]
../../../../Library/Python/3.9/lib/python/site-packages/sqlalchemy/sql/ddl.py:1084: in &lt;listcomp&gt;
    unsorted_tables = [t for t in tables if self._can_drop_table(t)]
../../../../Library/Python/3.9/lib/python/site-packages/sqlalchemy/sql/ddl.py:1160: in _can_drop_table
    return not self.checkfirst or self.dialect.has_table(
../../../../Library/Python/3.9/lib/python/site-packages/sqlalchemy/engine/reflection.py:89: in cache
    return fn(self, con, *args, **kw)
../../../../Library/Python/3.9/lib/python/site-packages/sqlalchemy/dialects/sqlite/base.py:2324: in has_table
    info = self._get_table_pragma(
../../../../Library/Python/3.9/lib/python/site-packages/sqlalchemy/dialects/sqlite/base.py:2965: in _get_table_pragma
    cursor = connection.exec_driver_sql(statement)
../../../../Library/Python/3.9/lib/python/site-packages/sqlalchemy/engine/base.py:1779: in exec_driver_sql
    ret = self._execute_context(
../../../../Library/Python/3.9/lib/python/site-packages/sqlalchemy/engine/base.py:1846: in _execute_context
    return self._exec_single_context(
../../../../Library/Python/3.9/lib/python/site-packages/sqlalchemy/engine/base.py:1986: in _exec_single_context
    self._handle_dbapi_exception(
../../../../Library/Python/3.9/lib/python/site-packages/sqlalchemy/engine/base.py:2355: in _handle_dbapi_exception
    raise sqlalchemy_exception.with_traceback(exc_info[2]) from e
../../../../Library/Python/3.9/lib/python/site-packages/sqlalchemy/engine/base.py:1967: in _exec_single_context
    self.dialect.do_execute(
../../../../Library/Python/3.9/lib/python/site-packages/sqlalchemy/engine/default.py:951: in do_execute
    cursor.execute(statement, parameters)
E   sqlalchemy.exc.OperationalError: (sqlite3.OperationalError) disk I/O error
E   [SQL: PRAGMA main.table_info("users")]
E   (Background on this error at: https://sqlalche.me/e/20/e3q8)</error></testcase></testsuite></testsuites>