<?xml version="1.0" encoding="utf-8"?><testsuites name="pytest tests"><testsuite name="pytest" errors="0" failures="0" skipped="13" tests="919" time="19.957" timestamp="2025-12-19T14:06:46.887457+09:00" hostname="adminui-MacBookPro.local"><testcase classname="" name="tests.src.test_image_ocr" time="0.000"><skipped message="collection skipped">('/Users/admin/Documents/dev/leh/ai_worker/tests/src/test_image_ocr.py', 11, 'Skipped: pytesseract not installed')</skipped></testcase><testcase classname="" name="tests.src.test_image_vision" time="0.000"><skipped message="collection skipped">('/Users/admin/Documents/dev/leh/ai_worker/tests/src/test_image_vision.py', 14, 'Skipped: pytesseract not installed')</skipped></testcase><testcase classname="" name="tests.src.test_video_parser" time="0.000"><skipped message="collection skipped">('/Users/admin/Documents/dev/leh/ai_worker/tests/src/test_video_parser.py', 15, 'Skipped: ffmpeg-python not installed')</skipped></testcase><testcase classname="tests.src.test_ai_analyzer.TestAIAnalyzerConfig" name="test_custom_config" time="0.006" /><testcase classname="tests.src.test_ai_analyzer.TestAIAnalyzerConfig" name="test_default_config" time="0.004" /><testcase classname="tests.src.test_ai_analyzer.TestAIAnalyzerInitialization" name="test_analyzer_creation" time="0.003" /><testcase classname="tests.src.test_ai_analyzer.TestAIAnalyzerInitialization" name="test_analyzer_with_config" time="0.005" /><testcase classname="tests.src.test_ai_analyzer.TestSystemPrompt" name="test_system_prompt_contains_categories" time="0.003" /><testcase classname="tests.src.test_ai_analyzer.TestSystemPrompt" name="test_system_prompt_contains_examples" time="0.005" /><testcase classname="tests.src.test_ai_analyzer.TestSystemPrompt" name="test_system_prompt_length" time="0.003" /><testcase classname="tests.src.test_ai_analyzer.TestAIAnalyzerWithMock" name="test_analyze_adultery" time="0.006" /><testcase classname="tests.src.test_ai_analyzer.TestAIAnalyzerWithMock" name="test_analyze_domestic_violence" time="0.007" /><testcase classname="tests.src.test_ai_analyzer.TestAIAnalyzerWithMock" name="test_analyze_general" time="0.004" /><testcase classname="tests.src.test_ai_analyzer.TestAIAnalyzerWithMock" name="test_analyze_with_review_flag" time="0.006" /><testcase classname="tests.src.test_ai_analyzer.TestAIAnalyzerErrors" name="test_api_error" time="0.015" /><testcase classname="tests.src.test_ai_analyzer.TestAIAnalyzerErrors" name="test_json_parse_error" time="0.008" /><testcase classname="tests.src.test_ai_analyzer.TestAIAnalyzerBatch" name="test_analyze_batch_success" time="0.007" /><testcase classname="tests.src.test_ai_analyzer.TestUserPromptGeneration" name="test_build_user_prompt_basic" time="0.003" /><testcase classname="tests.src.test_ai_analyzer.TestUserPromptGeneration" name="test_build_user_prompt_with_context" time="0.005" /><testcase classname="tests.src.test_ai_analyzer.TestConvenienceFunction" name="test_analyze_with_ai" time="0.110" /><testcase classname="tests.src.test_ai_classification.TestDivorceGround" name="test_adultery_value" time="0.005" /><testcase classname="tests.src.test_ai_classification.TestDivorceGround" name="test_all_grounds_have_korean_values" time="0.006" /><testcase classname="tests.src.test_ai_classification.TestDivorceGround" name="test_domestic_violence_value" time="0.004" /><testcase classname="tests.src.test_ai_classification.TestEvidenceClassification" name="test_confidence_validation" time="0.005" /><testcase classname="tests.src.test_ai_classification.TestEvidenceClassification" name="test_create_basic" time="0.004" /><testcase classname="tests.src.test_ai_classification.TestEvidenceClassification" name="test_create_with_all_fields" time="0.004" /><testcase classname="tests.src.test_ai_classification.TestEvidenceClassification" name="test_model_validate_from_dict" time="0.005" /><testcase classname="tests.src.test_ai_classification.TestCategoryMapping" name="test_all_divorce_grounds_mapped" time="0.004" /><testcase classname="tests.src.test_ai_classification.TestCategoryMapping" name="test_bidirectional_mapping" time="0.004" /><testcase classname="tests.src.test_ai_classification.TestCategoryMapping" name="test_to_divorce_ground_adultery" time="0.004" /><testcase classname="tests.src.test_ai_classification.TestCategoryMapping" name="test_to_legal_category_adultery" time="0.004" /><testcase classname="tests.src.test_ai_classification.TestCategoryMapping" name="test_to_legal_category_violence" time="0.004" /><testcase classname="tests.src.test_ai_classification.TestConfidenceConversion" name="test_high_confidence" time="0.003" /><testcase classname="tests.src.test_ai_classification.TestConfidenceConversion" name="test_low_confidence" time="0.005" /><testcase classname="tests.src.test_ai_classification.TestConfidenceConversion" name="test_medium_confidence" time="0.003" /><testcase classname="tests.src.test_ai_classification.TestConfidenceConversion" name="test_very_high_confidence" time="0.006" /><testcase classname="tests.src.test_ai_classification.TestConfidenceConversion" name="test_very_low_confidence" time="0.003" /><testcase classname="tests.src.test_ai_classification.TestClassificationToLegalAnalysis" name="test_basic_conversion" time="0.005" /><testcase classname="tests.src.test_ai_classification.TestClassificationToLegalAnalysis" name="test_conversion_preserves_key_phrases" time="0.005" /><testcase classname="tests.src.test_ai_classification.TestClassificationToLegalAnalysis" name="test_conversion_preserves_review_flag" time="0.003" /><testcase classname="tests.src.test_ai_classification.TestClassificationToLegalAnalysis" name="test_conversion_with_secondary_grounds" time="0.006" /><testcase classname="tests.src.test_ai_classification.TestSystemPromptGeneration" name="test_all_grounds_have_descriptions" time="0.005" /><testcase classname="tests.src.test_ai_classification.TestSystemPromptGeneration" name="test_get_system_prompt_categories" time="0.004" /><testcase classname="tests.src.test_ai_classification.TestIntegration" name="test_full_ai_response_flow" time="0.005" /><testcase classname="tests.src.test_analysis_engine.TestAnalysisEngineInitialization" name="test_engine_creation" time="0.005" /><testcase classname="tests.src.test_analysis_engine.TestAnalysisEngineInitialization" name="test_engine_has_components" time="0.003" /><testcase classname="tests.src.test_analysis_engine.TestBasicAnalysis" name="test_analyze_simple_case" time="0.003" /><testcase classname="tests.src.test_analysis_engine.TestBasicAnalysis" name="test_analyze_high_risk_case" time="0.004" /><testcase classname="tests.src.test_analysis_engine.TestHighValueMessages" name="test_identify_high_value_messages" time="0.004" /><testcase classname="tests.src.test_analysis_engine.TestHighValueMessages" name="test_high_value_threshold" time="0.004" /><testcase classname="tests.src.test_analysis_engine.TestStatisticalSummary" name="test_average_score_calculation" time="0.004" /><testcase classname="tests.src.test_analysis_engine.TestStatisticalSummary" name="test_summary_contains_statistics" time="0.003" /><testcase classname="tests.src.test_analysis_engine.TestResultStructure" name="test_analysis_result_creation" time="0.004" /><testcase classname="tests.src.test_analysis_engine.TestEdgeCases" name="test_empty_message_list" time="0.003" /><testcase classname="tests.src.test_analysis_engine.TestEdgeCases" name="test_single_message" time="0.003" /><testcase classname="tests.src.test_analysis_engine.TestEdgeCases" name="test_all_neutral_messages" time="0.004" /><testcase classname="tests.src.test_analysis_engine.TestIntegration" name="test_scorer_and_risk_analyzer_coordination" time="0.003" /><testcase classname="tests.src.test_analysis_engine.TestIntegration" name="test_comprehensive_case_analysis" time="0.004" /><testcase classname="tests.src.test_article_840_tagger.TestArticle840TaggerInitialization" name="test_tagger_creation" time="0.003" /><testcase classname="tests.src.test_article_840_tagger.TestArticle840TaggerInitialization" name="test_tagger_has_keywords" time="0.079" /><testcase classname="tests.src.test_article_840_tagger.TestArticle840Categorization" name="test_tag_adultery" time="0.003" /><testcase classname="tests.src.test_article_840_tagger.TestArticle840Categorization" name="test_tag_desertion" time="0.005" /><testcase classname="tests.src.test_article_840_tagger.TestArticle840Categorization" name="test_tag_general_evidence" time="0.004" /><testcase classname="tests.src.test_article_840_tagger.TestArticle840Categorization" name="test_tag_harm_to_own_parents" time="0.004" /><testcase classname="tests.src.test_article_840_tagger.TestArticle840Categorization" name="test_tag_irreconcilable_differences" time="0.004" /><testcase classname="tests.src.test_article_840_tagger.TestArticle840Categorization" name="test_tag_mistreatment_by_inlaws" time="0.003" /><testcase classname="tests.src.test_article_840_tagger.TestArticle840Categorization" name="test_tag_unknown_whereabouts" time="0.004" /><testcase classname="tests.src.test_article_840_tagger.TestMultipleCategoryTagging" name="test_tag_multiple_categories" time="0.004" /><testcase classname="tests.src.test_article_840_tagger.TestConfidenceScoring" name="test_high_confidence_multiple_keywords" time="0.004" /><testcase classname="tests.src.test_article_840_tagger.TestConfidenceScoring" name="test_low_confidence_no_match" time="0.004" /><testcase classname="tests.src.test_article_840_tagger.TestConfidenceScoring" name="test_medium_confidence_single_keyword" time="0.003" /><testcase classname="tests.src.test_article_840_tagger.TestEdgeCases" name="test_case_insensitive_matching" time="0.005" /><testcase classname="tests.src.test_article_840_tagger.TestEdgeCases" name="test_empty_message" time="0.003" /><testcase classname="tests.src.test_article_840_tagger.TestEdgeCases" name="test_whitespace_only_message" time="0.005" /><testcase classname="tests.src.test_article_840_tagger.TestBatchTagging" name="test_tag_batch" time="0.004" /><testcase classname="tests.src.test_article_840_tagger.TestBatchTagging" name="test_tag_empty_batch" time="0.004" /><testcase classname="tests.src.test_article_840_tagger.TestContextAwareTagging" name="test_default_tagger_no_context_matching" time="0.005" /><testcase classname="tests.src.test_article_840_tagger.TestContextAwareTagging" name="test_mixed_positive_and_negated" time="0.004" /><testcase classname="tests.src.test_article_840_tagger.TestContextAwareTagging" name="test_negated_keyword_in_reasoning" time="0.021" /><testcase classname="tests.src.test_article_840_tagger.TestContextAwareTagging" name="test_negated_statement_filtered" time="0.009" /><testcase classname="tests.src.test_article_840_tagger.TestContextAwareTagging" name="test_positive_statement_detected" time="0.014" /><testcase classname="tests.src.test_article_840_tagger.TestContextAwareTagging" name="test_tagger_with_context_matching" time="0.019" /><testcase classname="tests.src.test_audio_parser.TestAudioParserInitialization" name="test_parser_creation" time="0.011" /><testcase classname="tests.src.test_audio_parser.TestAudioParserInitialization" name="test_parser_is_base_parser" time="0.011" /><testcase classname="tests.src.test_audio_parser.TestAudioParsing" name="test_parse_simple_audio" time="0.009" /><testcase classname="tests.src.test_audio_parser.TestAudioParsing" name="test_parse_creates_messages" time="0.008" /><testcase classname="tests.src.test_audio_parser.TestTimestampHandling" name="test_segment_timestamps" time="0.006" /><testcase classname="tests.src.test_audio_parser.TestTimestampHandling" name="test_default_timestamp" time="0.007" /><testcase classname="tests.src.test_audio_parser.TestWhisperAPICall" name="test_whisper_api_called_correctly" time="0.093" /><testcase classname="tests.src.test_audio_parser.TestMultipleSpeakers" name="test_default_speaker" time="0.006" /><testcase classname="tests.src.test_audio_parser.TestMultipleSpeakers" name="test_speaker_unknown_default" time="0.010" /><testcase classname="tests.src.test_audio_parser.TestEdgeCases" name="test_invalid_file_path" time="0.007" /><testcase classname="tests.src.test_audio_parser.TestEdgeCases" name="test_empty_transcription" time="0.013" /><testcase classname="tests.src.test_audio_parser.TestEdgeCases" name="test_whitespace_only_text" time="0.008" /><testcase classname="tests.src.test_audio_parser.TestEdgeCases" name="test_whisper_api_error" time="0.008" /><testcase classname="tests.src.test_audio_parser.TestFileFormats" name="test_mp3_format" time="0.008" /><testcase classname="tests.src.test_audio_parser.TestFileFormats" name="test_m4a_format" time="0.009" /><testcase classname="tests.src.test_case_isolation.TestCaseListAndStats" name="test_get_case_stats" time="0.305" /><testcase classname="tests.src.test_case_isolation.TestCaseListAndStats" name="test_list_cases_empty" time="0.189" /><testcase classname="tests.src.test_case_isolation.TestCaseListAndStats" name="test_list_cases_multiple" time="0.189" /><testcase classname="tests.src.test_case_isolation.TestCaseListAndStats" name="test_list_cases_with_stats" time="0.185" /><testcase classname="tests.src.test_case_isolation.TestCaseCompleteDeletion" name="test_delete_case_metadata_only" time="0.259" /><testcase classname="tests.src.test_case_isolation.TestCaseCompleteDeletion" name="test_delete_case_preserves_other_cases" time="0.171" /><testcase classname="tests.src.test_case_isolation.TestCaseCompleteDeletion" name="test_delete_case_with_vectors" time="0.210" /><testcase classname="tests.src.test_case_isolation.TestCaseIsolationVerification" name="test_count_by_case" time="0.172" /><testcase classname="tests.src.test_case_isolation.TestCaseIsolationVerification" name="test_detect_case_leakage" time="0.172" /><testcase classname="tests.src.test_case_isolation.TestCaseIsolationVerification" name="test_search_only_returns_same_case" time="0.166" /><testcase classname="tests.src.test_case_isolation.TestCaseIsolationVerification" name="test_verify_case_isolation" time="0.167" /><testcase classname="tests.src.test_context_matcher.TestContextMatcherInitialization" name="test_matcher_creation" time="0.003" /><testcase classname="tests.src.test_context_matcher.TestContextMatcherInitialization" name="test_matcher_without_kiwi" time="0.005" /><testcase classname="tests.src.test_context_matcher.TestKeywordMatching" name="test_empty_keywords" time="0.004" /><testcase classname="tests.src.test_context_matcher.TestKeywordMatching" name="test_empty_text" time="0.007" /><testcase classname="tests.src.test_context_matcher.TestKeywordMatching" name="test_multiple_keyword_match" time="0.007" /><testcase classname="tests.src.test_context_matcher.TestKeywordMatching" name="test_no_keyword_match" time="0.007" /><testcase classname="tests.src.test_context_matcher.TestKeywordMatching" name="test_simple_keyword_match" time="0.006" /><testcase classname="tests.src.test_context_matcher.TestNegationDetection" name="test_no_negation" time="0.004" /><testcase classname="tests.src.test_context_matcher.TestNegationDetection" name="test_positive_statement_with_keyword" time="0.006" /><testcase classname="tests.src.test_context_matcher.TestNegationDetection" name="test_predicate_negation_never" time="0.005" /><testcase classname="tests.src.test_context_matcher.TestNegationDetection" name="test_predicate_negation_not_is" time="0.004" /><testcase classname="tests.src.test_context_matcher.TestNegationDetection" name="test_suffix_negation_cannot" time="0.005" /><testcase classname="tests.src.test_context_matcher.TestNegationDetection" name="test_suffix_negation_not" time="0.003" /><testcase classname="tests.src.test_context_matcher.TestQuestionDetection" name="test_no_question_mark" time="0.006" /><testcase classname="tests.src.test_context_matcher.TestQuestionDetection" name="test_question_mark_detection" time="0.004" /><testcase classname="tests.src.test_context_matcher.TestScoreAdjustment" name="test_negated_score" time="0.004" /><testcase classname="tests.src.test_context_matcher.TestScoreAdjustment" name="test_overall_score_calculation" time="0.005" /><testcase classname="tests.src.test_context_matcher.TestScoreAdjustment" name="test_positive_score" time="0.006" /><testcase classname="tests.src.test_context_matcher.TestScoreAdjustment" name="test_question_score" time="0.006" /><testcase classname="tests.src.test_context_matcher.TestEffectiveKeywords" name="test_get_effective_keywords_all_positive" time="0.005" /><testcase classname="tests.src.test_context_matcher.TestEffectiveKeywords" name="test_get_effective_keywords_some_negated" time="0.005" /><testcase classname="tests.src.test_context_matcher.TestConfidenceAdjustment" name="test_major_reduction_for_all_negated" time="0.004" /><testcase classname="tests.src.test_context_matcher.TestConfidenceAdjustment" name="test_no_adjustment_for_positive" time="0.004" /><testcase classname="tests.src.test_context_matcher.TestConvenienceFunctions" name="test_check_negation_false" time="0.005" /><testcase classname="tests.src.test_context_matcher.TestConvenienceFunctions" name="test_check_negation_true" time="0.003" /><testcase classname="tests.src.test_context_matcher.TestConvenienceFunctions" name="test_get_effective_keywords_function" time="0.005" /><testcase classname="tests.src.test_context_matcher.TestNegationPatterns" name="test_negation_morphemes_exist" time="0.003" /><testcase classname="tests.src.test_context_matcher.TestNegationPatterns" name="test_negation_patterns_exist" time="0.005" /><testcase classname="tests.src.test_context_matcher.TestNegationType" name="test_negation_types" time="0.003" /><testcase classname="tests.src.test_context_matcher.TestMatchResult" name="test_match_result_defaults" time="0.005" /><testcase classname="tests.src.test_context_matcher.TestRealWorldCases" name="test_divorce_evidence_denial" time="0.003" /><testcase classname="tests.src.test_context_matcher.TestRealWorldCases" name="test_divorce_evidence_positive" time="0.005" /><testcase classname="tests.src.test_context_matcher.TestRealWorldCases" name="test_violence_accusation" time="0.005" /><testcase classname="tests.src.test_context_matcher.TestRealWorldCases" name="test_violence_denial" time="0.003" /><testcase classname="tests.src.test_cost_guard.TestFileType" name="test_file_type_values" time="0.004" /><testcase classname="tests.src.test_cost_guard.TestFileLimits" name="test_default_limits_exist" time="0.004" /><testcase classname="tests.src.test_cost_guard.TestFileLimits" name="test_image_limits" time="0.004" /><testcase classname="tests.src.test_cost_guard.TestFileLimits" name="test_audio_limits" time="0.004" /><testcase classname="tests.src.test_cost_guard.TestFileLimits" name="test_video_limits" time="0.004" /><testcase classname="tests.src.test_cost_guard.TestFileLimits" name="test_pdf_limits" time="0.078" /><testcase classname="tests.src.test_cost_guard.TestGetFileTypeFromExtension" name="test_image_extensions" time="0.004" /><testcase classname="tests.src.test_cost_guard.TestGetFileTypeFromExtension" name="test_audio_extensions" time="0.003" /><testcase classname="tests.src.test_cost_guard.TestGetFileTypeFromExtension" name="test_video_extensions" time="0.004" /><testcase classname="tests.src.test_cost_guard.TestGetFileTypeFromExtension" name="test_pdf_extensions" time="0.003" /><testcase classname="tests.src.test_cost_guard.TestGetFileTypeFromExtension" name="test_text_extensions" time="0.005" /><testcase classname="tests.src.test_cost_guard.TestGetFileTypeFromExtension" name="test_unknown_extension" time="0.003" /><testcase classname="tests.src.test_cost_guard.TestCostGuardValidation" name="test_validate_small_file" time="0.006" /><testcase classname="tests.src.test_cost_guard.TestCostGuardValidation" name="test_validate_file_exceeds_limit" time="0.004" /><testcase classname="tests.src.test_cost_guard.TestCostGuardValidation" name="test_validate_unknown_file_type" time="0.005" /><testcase classname="tests.src.test_cost_guard.TestCostGuardValidation" name="test_validate_requires_chunking" time="0.004" /><testcase classname="tests.src.test_cost_guard.TestCostGuardRateLimiting" name="test_rate_limit_initial_check" time="0.003" /><testcase classname="tests.src.test_cost_guard.TestCostGuardRateLimiting" name="test_rate_limit_accumulation" time="0.005" /><testcase classname="tests.src.test_cost_guard.TestCostGuardRateLimiting" name="test_rate_limit_exceeded" time="0.003" /><testcase classname="tests.src.test_cost_guard.TestCostGuardUsageTracking" name="test_record_usage_basic" time="0.005" /><testcase classname="tests.src.test_cost_guard.TestCostGuardUsageTracking" name="test_record_usage_whisper" time="0.004" /><testcase classname="tests.src.test_cost_guard.TestCostGuardUsageTracking" name="test_get_usage_summary" time="0.004" /><testcase classname="tests.src.test_cost_guard.TestCostEstimation" name="test_estimate_processing_cost_text" time="0.004" /><testcase classname="tests.src.test_cost_guard.TestCostEstimation" name="test_estimate_processing_cost_image" time="0.004" /><testcase classname="tests.src.test_cost_guard.TestCostEstimation" name="test_model_costs_defined" time="0.004" /><testcase classname="tests.src.test_cost_guard.TestCostLimits" name="test_default_limits" time="0.004" /><testcase classname="tests.src.test_cost_guard.TestCostLimits" name="test_custom_limits" time="0.004" /><testcase classname="tests.src.test_cost_guard.TestExceptions" name="test_cost_limit_exceeded_exception" time="0.004" /><testcase classname="tests.src.test_cost_guard.TestExceptions" name="test_file_size_exceeded_exception" time="0.003" /><testcase classname="tests.src.test_cost_guard.TestIntegration" name="test_full_workflow" time="0.005" /><testcase classname="tests.src.test_cost_guard.TestIntegration" name="test_multiple_operations" time="0.003" /><testcase classname="tests.src.test_date_extractor.TestDateExtractorInit" name="test_default_init" time="0.006" /><testcase classname="tests.src.test_date_extractor.TestDateExtractorInit" name="test_custom_year" time="0.004" /><testcase classname="tests.src.test_date_extractor.TestISOFormat" name="test_iso_datetime" time="0.009" /><testcase classname="tests.src.test_date_extractor.TestISOFormat" name="test_iso_datetime_short" time="0.006" /><testcase classname="tests.src.test_date_extractor.TestISOFormat" name="test_iso_date_only" time="0.006" /><testcase classname="tests.src.test_date_extractor.TestKoreanFormat" name="test_korean_full" time="0.007" /><testcase classname="tests.src.test_date_extractor.TestKoreanFormat" name="test_korean_date_only" time="0.005" /><testcase classname="tests.src.test_date_extractor.TestKoreanFormat" name="test_korean_ampm_afternoon" time="0.004" /><testcase classname="tests.src.test_date_extractor.TestKoreanFormat" name="test_korean_ampm_morning" time="0.003" /><testcase classname="tests.src.test_date_extractor.TestKoreanFormat" name="test_korean_ampm_noon" time="0.004" /><testcase classname="tests.src.test_date_extractor.TestKoreanFormat" name="test_korean_ampm_midnight" time="0.004" /><testcase classname="tests.src.test_date_extractor.TestOtherFormats" name="test_slash_format" time="0.004" /><testcase classname="tests.src.test_date_extractor.TestOtherFormats" name="test_dot_format" time="0.004" /><testcase classname="tests.src.test_date_extractor.TestOtherFormats" name="test_month_day_only" time="0.006" /><testcase classname="tests.src.test_date_extractor.TestRelativeDate" name="test_yesterday" time="0.078" /><testcase classname="tests.src.test_date_extractor.TestRelativeDate" name="test_today" time="0.004" /><testcase classname="tests.src.test_date_extractor.TestRelativeDate" name="test_day_before_yesterday" time="0.003" /><testcase classname="tests.src.test_date_extractor.TestRelativeDate" name="test_yesterday_with_time" time="0.004" /><testcase classname="tests.src.test_date_extractor.TestRelativeDate" name="test_last_week" time="0.003" /><testcase classname="tests.src.test_date_extractor.TestParseWithInfo" name="test_returns_extracted_date" time="0.005" /><testcase classname="tests.src.test_date_extractor.TestParseWithInfo" name="test_relative_date_confidence" time="0.003" /><testcase classname="tests.src.test_date_extractor.TestParseWithInfo" name="test_month_day_confidence" time="0.004" /><testcase classname="tests.src.test_date_extractor.TestExtractDatesFromText" name="test_extract_single_date" time="0.004" /><testcase classname="tests.src.test_date_extractor.TestExtractDatesFromText" name="test_extract_multiple_dates" time="0.004" /><testcase classname="tests.src.test_date_extractor.TestExtractDatesFromText" name="test_extract_relative_date" time="0.005" /><testcase classname="tests.src.test_date_extractor.TestExtractDatesFromText" name="test_empty_text" time="0.003" /><testcase classname="tests.src.test_date_extractor.TestExtractDatesFromText" name="test_no_dates" time="0.003" /><testcase classname="tests.src.test_date_extractor.TestConvenienceFunctions" name="test_parse_date" time="0.004" /><testcase classname="tests.src.test_date_extractor.TestConvenienceFunctions" name="test_parse_date_invalid" time="0.003" /><testcase classname="tests.src.test_date_extractor.TestConvenienceFunctions" name="test_parse_date_safe_valid" time="0.004" /><testcase classname="tests.src.test_date_extractor.TestConvenienceFunctions" name="test_parse_date_safe_invalid" time="0.003" /><testcase classname="tests.src.test_date_extractor.TestEdgeCases" name="test_none_input" time="0.005" /><testcase classname="tests.src.test_date_extractor.TestEdgeCases" name="test_empty_string" time="0.003" /><testcase classname="tests.src.test_date_extractor.TestEdgeCases" name="test_whitespace_only" time="0.004" /><testcase classname="tests.src.test_date_extractor.TestEdgeCases" name="test_invalid_date" time="0.003" /><testcase classname="tests.src.test_date_extractor.TestEdgeCases" name="test_partial_match" time="0.004" /><testcase classname="tests.src.test_embeddings_fallback.TestGenerateFallbackEmbedding" name="test_generates_correct_dimension" time="0.004" /><testcase classname="tests.src.test_embeddings_fallback.TestGenerateFallbackEmbedding" name="test_deterministic_output" time="0.005" /><testcase classname="tests.src.test_embeddings_fallback.TestGenerateFallbackEmbedding" name="test_different_texts_different_embeddings" time="0.005" /><testcase classname="tests.src.test_embeddings_fallback.TestGenerateFallbackEmbedding" name="test_empty_text_returns_zero_vector" time="0.003" /><testcase classname="tests.src.test_embeddings_fallback.TestGenerateFallbackEmbedding" name="test_values_normalized" time="0.004" /><testcase classname="tests.src.test_embeddings_fallback.TestGetEmbeddingWithFallback" name="test_returns_real_embedding_on_success" time="0.005" /><testcase classname="tests.src.test_embeddings_fallback.TestGetEmbeddingWithFallback" name="test_returns_fallback_on_api_failure" time="0.005" /><testcase classname="tests.src.test_embeddings_fallback.TestGetEmbeddingWithFallback" name="test_empty_text_returns_zero_vector" time="0.004" /><testcase classname="tests.src.test_embeddings_fallback.TestGetEmbeddingWithFallback" name="test_never_raises_exception" time="0.337" /><testcase classname="tests.src.test_embeddings_fallback.TestEmbeddingDimension" name="test_ada_002_dimension" time="0.004" /><testcase classname="tests.src.test_embeddings_fallback.TestEmbeddingDimension" name="test_3_small_dimension" time="0.003" /><testcase classname="tests.src.test_embeddings_fallback.TestEmbeddingDimension" name="test_3_large_dimension" time="0.003" /><testcase classname="tests.src.test_embeddings_fallback.TestEmbeddingDimension" name="test_unknown_model_returns_default" time="0.003" /><testcase classname="tests.src.test_encoding.TestEncodingResult" name="test_encoding_result_fields" time="0.091" /><testcase classname="tests.src.test_encoding.TestDetectEncoding" name="test_detect_ascii_only" time="0.008" /><testcase classname="tests.src.test_encoding.TestDetectEncoding" name="test_detect_cp949" time="0.073" /><testcase classname="tests.src.test_encoding.TestDetectEncoding" name="test_detect_empty_file" time="0.003" /><testcase classname="tests.src.test_encoding.TestDetectEncoding" name="test_detect_nonexistent_file" time="0.005" /><testcase classname="tests.src.test_encoding.TestDetectEncoding" name="test_detect_utf8" time="0.003" /><testcase classname="tests.src.test_encoding.TestDetectEncoding" name="test_detect_utf8_bom" time="0.005" /><testcase classname="tests.src.test_encoding.TestReadFileWithEncoding" name="test_read_cp949" time="0.006" /><testcase classname="tests.src.test_encoding.TestReadFileWithEncoding" name="test_read_utf8" time="0.004" /><testcase classname="tests.src.test_encoding.TestReadFileWithEncoding" name="test_read_with_explicit_encoding" time="0.005" /><testcase classname="tests.src.test_encoding.TestReadFileWithEncoding" name="test_read_with_wrong_encoding" time="0.003" /><testcase classname="tests.src.test_encoding.TestTextCleaning" name="test_clean_text" time="0.004" /><testcase classname="tests.src.test_encoding.TestTextCleaning" name="test_normalize_cr" time="0.003" /><testcase classname="tests.src.test_encoding.TestTextCleaning" name="test_normalize_crlf" time="0.005" /><testcase classname="tests.src.test_encoding.TestTextCleaning" name="test_normalize_mixed" time="0.005" /><testcase classname="tests.src.test_encoding.TestTextCleaning" name="test_remove_bom" time="0.003" /><testcase classname="tests.src.test_encoding.TestTextCleaning" name="test_remove_bom_no_bom" time="0.004" /><testcase classname="tests.src.test_encoding.TestKoreanEncodingsConstant" name="test_contains_common_encodings" time="0.003" /><testcase classname="tests.src.test_encoding.TestKoreanEncodingsConstant" name="test_utf8_first" time="0.005" /><testcase classname="tests.src.test_encoding.TestIntegration" name="test_kakaotalk_format_cp949" time="0.009" /><testcase classname="tests.src.test_encoding.TestIntegration" name="test_kakaotalk_format_utf8" time="0.005" /><testcase classname="tests.src.test_event_summarizer.TestEventSummarizerInit" name="test_default_init" time="0.004" /><testcase classname="tests.src.test_event_summarizer.TestEventSummarizerInit" name="test_custom_max_length" time="0.003" /><testcase classname="tests.src.test_event_summarizer.TestFaultTypeSummary" name="test_adultery_summary" time="0.005" /><testcase classname="tests.src.test_event_summarizer.TestFaultTypeSummary" name="test_violence_summary" time="0.003" /><testcase classname="tests.src.test_event_summarizer.TestFaultTypeSummary" name="test_verbal_abuse_summary" time="0.004" /><testcase classname="tests.src.test_event_summarizer.TestFaultTypeSummary" name="test_economic_abuse_summary" time="0.003" /><testcase classname="tests.src.test_event_summarizer.TestFaultTypeSummary" name="test_desertion_summary" time="0.004" /><testcase classname="tests.src.test_event_summarizer.TestFaultTypeSummary" name="test_multiple_fault_types" time="0.004" /><testcase classname="tests.src.test_event_summarizer.TestAutoDetection" name="test_detect_adultery" time="0.004" /><testcase classname="tests.src.test_event_summarizer.TestAutoDetection" name="test_detect_violence" time="0.003" /><testcase classname="tests.src.test_event_summarizer.TestAutoDetection" name="test_detect_verbal_abuse" time="0.004" /><testcase classname="tests.src.test_event_summarizer.TestAutoDetection" name="test_no_detection_fallback" time="0.003" /><testcase classname="tests.src.test_event_summarizer.TestSourceType" name="test_chat_log_source" time="0.004" /><testcase classname="tests.src.test_event_summarizer.TestSourceType" name="test_kakaotalk_source" time="0.003" /><testcase classname="tests.src.test_event_summarizer.TestSourceType" name="test_photo_source" time="0.003" /><testcase classname="tests.src.test_event_summarizer.TestSourceType" name="test_recording_source" time="0.004" /><testcase classname="tests.src.test_event_summarizer.TestSourceType" name="test_medical_record_source" time="0.080" /><testcase classname="tests.src.test_event_summarizer.TestEmotionSummary" name="test_anger_emotion" time="0.003" /><testcase classname="tests.src.test_event_summarizer.TestEmotionSummary" name="test_sadness_emotion" time="0.003" /><testcase classname="tests.src.test_event_summarizer.TestEmotionSummary" name="test_fear_emotion" time="0.004" /><testcase classname="tests.src.test_event_summarizer.TestSummaryTypeInference" name="test_conversation_type" time="0.003" /><testcase classname="tests.src.test_event_summarizer.TestSummaryTypeInference" name="test_evidence_type" time="0.004" /><testcase classname="tests.src.test_event_summarizer.TestSummaryTypeInference" name="test_record_type" time="0.003" /><testcase classname="tests.src.test_event_summarizer.TestSummaryTypeInference" name="test_financial_type" time="0.003" /><testcase classname="tests.src.test_event_summarizer.TestBatchSummarize" name="test_batch_summarize" time="0.003" /><testcase classname="tests.src.test_event_summarizer.TestBatchSummarize" name="test_batch_with_source_types" time="0.003" /><testcase classname="tests.src.test_event_summarizer.TestConvenienceFunctions" name="test_summarize_event" time="0.003" /><testcase classname="tests.src.test_event_summarizer.TestConvenienceFunctions" name="test_summarize_events_batch" time="0.003" /><testcase classname="tests.src.test_event_summarizer.TestEdgeCases" name="test_empty_content" time="0.004" /><testcase classname="tests.src.test_event_summarizer.TestEdgeCases" name="test_whitespace_only" time="0.003" /><testcase classname="tests.src.test_event_summarizer.TestEdgeCases" name="test_long_content_truncation" time="0.003" /><testcase classname="tests.src.test_event_summarizer.TestEdgeCases" name="test_speaker_included" time="0.004" /><testcase classname="tests.src.test_event_summarizer.TestEdgeCases" name="test_unknown_fault_type" time="0.003" /><testcase classname="tests.src.test_event_summarizer.TestEventSummaryDataclass" name="test_to_dict" time="0.004" /><testcase classname="tests.src.test_event_summarizer.TestEventSummaryDataclass" name="test_default_keywords" time="0.004" /><testcase classname="tests.src.test_event_summarizer.TestKeywordExtraction" name="test_extract_keywords" time="0.003" /><testcase classname="tests.src.test_event_summarizer.TestKeywordExtraction" name="test_max_keywords" time="0.004" /><testcase classname="tests.src.test_event_summarizer.TestFaultTypeTemplates" name="test_all_fault_types_have_templates" time="0.003" /><testcase classname="tests.src.test_evidence_advisor.TestEvidenceAdvisorInitialization" name="test_advisor_creation" time="0.004" /><testcase classname="tests.src.test_evidence_advisor.TestEvidenceAdvisorInitialization" name="test_advisor_custom_threshold" time="0.003" /><testcase classname="tests.src.test_evidence_advisor.TestEvidenceAdvisorInitialization" name="test_evidence_type_names_exist" time="0.004" /><testcase classname="tests.src.test_evidence_advisor.TestEvidenceAdvisorInitialization" name="test_fault_type_names_exist" time="0.003" /><testcase classname="tests.src.test_evidence_advisor.TestTimeGapAnalysis" name="test_no_gap_with_continuous_dates" time="0.003" /><testcase classname="tests.src.test_evidence_advisor.TestTimeGapAnalysis" name="test_detect_single_gap" time="0.004" /><testcase classname="tests.src.test_evidence_advisor.TestTimeGapAnalysis" name="test_detect_multiple_gaps" time="0.003" /><testcase classname="tests.src.test_evidence_advisor.TestTimeGapAnalysis" name="test_gap_threshold_boundary" time="0.003" /><testcase classname="tests.src.test_evidence_advisor.TestTimeGapAnalysis" name="test_unsorted_timestamps" time="0.004" /><testcase classname="tests.src.test_evidence_advisor.TestTimeGapAnalysis" name="test_empty_timestamps" time="0.005" /><testcase classname="tests.src.test_evidence_advisor.TestTimeGapAnalysis" name="test_single_timestamp" time="0.004" /><testcase classname="tests.src.test_evidence_advisor.TestTimeGapAnalysis" name="test_gap_details_included" time="0.005" /><testcase classname="tests.src.test_evidence_advisor.TestEvidenceTypeAnalysis" name="test_count_evidence_types" time="0.005" /><testcase classname="tests.src.test_evidence_advisor.TestEvidenceTypeAnalysis" name="test_zero_count_warning" time="0.003" /><testcase classname="tests.src.test_evidence_advisor.TestEvidenceTypeAnalysis" name="test_positive_count_info" time="0.005" /><testcase classname="tests.src.test_evidence_advisor.TestEvidenceTypeAnalysis" name="test_empty_evidence_types" time="0.111" /><testcase classname="tests.src.test_evidence_advisor.TestFaultCoverageAnalysis" name="test_count_fault_types" time="0.005" /><testcase classname="tests.src.test_evidence_advisor.TestFaultCoverageAnalysis" name="test_zero_fault_warning" time="0.004" /><testcase classname="tests.src.test_evidence_advisor.TestFaultCoverageAnalysis" name="test_general_excluded" time="0.005" /><testcase classname="tests.src.test_evidence_advisor.TestSummary" name="test_summary_basic" time="0.054" /><testcase classname="tests.src.test_evidence_advisor.TestSummary" name="test_summary_empty" time="0.009" /><testcase classname="tests.src.test_evidence_advisor.TestGetAllAdvices" name="test_get_all_advices_structure" time="0.004" /><testcase classname="tests.src.test_evidence_advisor.TestGetAllAdvices" name="test_response_to_dict" time="0.005" /><testcase classname="tests.src.test_evidence_advisor.TestEvidenceAdviceDataClass" name="test_advice_creation" time="0.003" /><testcase classname="tests.src.test_evidence_advisor.TestEvidenceAdviceDataClass" name="test_advice_to_dict" time="0.005" /><testcase classname="tests.src.test_evidence_advisor.TestToneCompliance" name="test_messages_use_objective_tone" time="0.003" /><testcase classname="tests.src.test_evidence_advisor.TestToneCompliance" name="test_no_advice_expressions" time="0.004" /><testcase classname="tests.src.test_evidence_scorer.TestEvidenceScorerInitialization" name="test_scorer_creation" time="0.003" /><testcase classname="tests.src.test_evidence_scorer.TestEvidenceScorerInitialization" name="test_scorer_has_keywords" time="0.004" /><testcase classname="tests.src.test_evidence_scorer.TestBasicScoring" name="test_score_neutral_message" time="0.003" /><testcase classname="tests.src.test_evidence_scorer.TestBasicScoring" name="test_score_high_evidence_message" time="0.003" /><testcase classname="tests.src.test_evidence_scorer.TestBasicScoring" name="test_score_violence_message" time="0.004" /><testcase classname="tests.src.test_evidence_scorer.TestKeywordMatching" name="test_divorce_keywords" time="0.003" /><testcase classname="tests.src.test_evidence_scorer.TestKeywordMatching" name="test_financial_keywords" time="0.004" /><testcase classname="tests.src.test_evidence_scorer.TestKeywordMatching" name="test_multiple_keywords" time="0.004" /><testcase classname="tests.src.test_evidence_scorer.TestScoringResult" name="test_scoring_result_creation" time="0.003" /><testcase classname="tests.src.test_evidence_scorer.TestScoringResult" name="test_score_validation" time="0.004" /><testcase classname="tests.src.test_evidence_scorer.TestBatchScoring" name="test_score_multiple_messages" time="0.003" /><testcase classname="tests.src.test_evidence_scorer.TestEdgeCases" name="test_empty_message" time="0.004" /><testcase classname="tests.src.test_evidence_scorer.TestEdgeCases" name="test_very_long_message" time="0.004" /><testcase classname="tests.src.test_evidence_scorer.TestEdgeCases" name="test_special_characters" time="0.003" /><testcase classname="tests.src.test_exceptions.TestErrorContext" name="test_context_raw_content_truncation" time="0.004" /><testcase classname="tests.src.test_exceptions.TestErrorContext" name="test_context_to_dict" time="0.003" /><testcase classname="tests.src.test_exceptions.TestErrorContext" name="test_context_with_file" time="0.004" /><testcase classname="tests.src.test_exceptions.TestErrorContext" name="test_empty_context" time="0.003" /><testcase classname="tests.src.test_exceptions.TestParserError" name="test_basic_error" time="0.004" /><testcase classname="tests.src.test_exceptions.TestParserError" name="test_error_chaining" time="0.003" /><testcase classname="tests.src.test_exceptions.TestParserError" name="test_error_str_with_file" time="0.004" /><testcase classname="tests.src.test_exceptions.TestParserError" name="test_error_str_with_line" time="0.003" /><testcase classname="tests.src.test_exceptions.TestParserError" name="test_error_with_context" time="0.003" /><testcase classname="tests.src.test_exceptions.TestParserError" name="test_to_log_dict" time="0.004" /><testcase classname="tests.src.test_exceptions.TestEncodingError" name="test_encoding_error_basic" time="0.003" /><testcase classname="tests.src.test_exceptions.TestEncodingError" name="test_encoding_error_in_context" time="0.004" /><testcase classname="tests.src.test_exceptions.TestEncodingError" name="test_encoding_error_with_attempts" time="0.003" /><testcase classname="tests.src.test_exceptions.TestFileCorruptionError" name="test_corruption_error_basic" time="0.004" /><testcase classname="tests.src.test_exceptions.TestFileCorruptionError" name="test_corruption_type" time="0.003" /><testcase classname="tests.src.test_exceptions.TestParseError" name="test_parse_error_recoverable" time="0.003" /><testcase classname="tests.src.test_exceptions.TestParseError" name="test_parse_error_with_failed_lines" time="0.083" /><testcase classname="tests.src.test_exceptions.TestParseError" name="test_parse_error_with_partial" time="0.003" /><testcase classname="tests.src.test_exceptions.TestValidationError" name="test_validation_error" time="0.004" /><testcase classname="tests.src.test_exceptions.TestAnalysisError" name="test_analysis_error_type" time="0.004" /><testcase classname="tests.src.test_exceptions.TestAnalysisError" name="test_analysis_error_with_fallback" time="0.003" /><testcase classname="tests.src.test_exceptions.TestStorageError" name="test_storage_error" time="0.004" /><testcase classname="tests.src.test_exceptions.TestHelperFunctions" name="test_create_encoding_error" time="0.003" /><testcase classname="tests.src.test_exceptions.TestHelperFunctions" name="test_create_parse_error" time="0.005" /><testcase classname="tests.src.test_exceptions.TestExceptionHierarchy" name="test_all_inherit_from_parser_error" time="0.005" /><testcase classname="tests.src.test_exceptions.TestExceptionHierarchy" name="test_catch_all_with_parser_error" time="0.003" /><testcase classname="tests.src.test_hybrid_search.TestHybridSearchEngineInitialization" name="test_engine_creation" time="0.005" /><testcase classname="tests.src.test_hybrid_search.TestHybridSearchEngineInitialization" name="test_engine_has_components" time="0.004" /><testcase classname="tests.src.test_hybrid_search.TestBasicHybridSearch" name="test_search_combines_evidence_and_legal" time="0.005" /><testcase classname="tests.src.test_hybrid_search.TestBasicHybridSearch" name="test_search_returns_hybrid_results" time="0.006" /><testcase classname="tests.src.test_hybrid_search.TestSearchFiltering" name="test_evidence_only_search" time="0.005" /><testcase classname="tests.src.test_hybrid_search.TestSearchFiltering" name="test_legal_only_search" time="0.004" /><testcase classname="tests.src.test_hybrid_search.TestResultMerging" name="test_results_sorted_by_distance" time="0.006" /><testcase classname="tests.src.test_hybrid_search.TestResultMerging" name="test_top_k_limit" time="0.008" /><testcase classname="tests.src.test_hybrid_search.TestEdgeCases" name="test_no_results_from_either_source" time="0.005" /><testcase classname="tests.src.test_hybrid_search.TestEdgeCases" name="test_empty_query" time="0.005" /><testcase classname="tests.src.test_idempotency.TestHashUtilities" name="test_calculate_file_hash" time="0.005" /><testcase classname="tests.src.test_idempotency.TestHashUtilities" name="test_calculate_file_hash_different_content" time="0.004" /><testcase classname="tests.src.test_idempotency.TestHashUtilities" name="test_calculate_content_hash" time="0.003" /><testcase classname="tests.src.test_idempotency.TestHashUtilities" name="test_is_duplicate_by_hash" time="0.004" /><testcase classname="tests.src.test_idempotency.TestIdempotencyMetadataStore" name="test_check_hash_exists_found" time="0.003" /><testcase classname="tests.src.test_idempotency.TestIdempotencyMetadataStore" name="test_check_hash_exists_not_found" time="0.005" /><testcase classname="tests.src.test_idempotency.TestIdempotencyMetadataStore" name="test_check_hash_exists_gsi_fallback" time="0.005" /><testcase classname="tests.src.test_idempotency.TestIdempotencyMetadataStore" name="test_check_evidence_processed_true" time="0.004" /><testcase classname="tests.src.test_idempotency.TestIdempotencyMetadataStore" name="test_check_evidence_processed_false" time="0.005" /><testcase classname="tests.src.test_idempotency.TestIdempotencyMetadataStore" name="test_check_evidence_processed_not_exists" time="0.004" /><testcase classname="tests.src.test_idempotency.TestIdempotencyMetadataStore" name="test_save_file_if_not_exists_success" time="0.006" /><testcase classname="tests.src.test_idempotency.TestIdempotencyMetadataStore" name="test_save_file_if_not_exists_duplicate" time="0.006" /><testcase classname="tests.src.test_idempotency.TestIdempotencyMetadataStore" name="test_update_evidence_with_hash_success" time="0.083" /><testcase classname="tests.src.test_idempotency.TestIdempotencyMetadataStore" name="test_update_evidence_with_hash_already_processed" time="0.004" /><testcase classname="tests.src.test_idempotency.TestIdempotencyMetadataStore" name="test_update_evidence_with_hash_no_condition" time="0.005" /><testcase classname="tests.src.test_idempotency.TestIdempotencyMetadataStore" name="test_check_s3_key_exists_found" time="0.004" /><testcase classname="tests.src.test_idempotency.TestIdempotencyMetadataStore" name="test_check_s3_key_exists_not_found" time="0.004" /><testcase classname="tests.src.test_idempotency.TestHandlerIdempotency" name="test_handler_skips_already_processed" time="0.000"><skipped type="pytest.skip" message="Integration tests skipped: real credentials not configured">/Users/admin/Documents/dev/leh/ai_worker/tests/src/test_idempotency.py:333: Integration tests skipped: real credentials not configured</skipped></testcase><testcase classname="tests.src.test_idempotency.TestHandlerIdempotency" name="test_handler_skips_duplicate_hash" time="0.000"><skipped type="pytest.skip" message="Integration tests skipped: real credentials not configured">/Users/admin/Documents/dev/leh/ai_worker/tests/src/test_idempotency.py:358: Integration tests skipped: real credentials not configured</skipped></testcase><testcase classname="tests.src.test_impact_analyzer.TestFaultType" name="test_all_fault_types_exist" time="0.004" /><testcase classname="tests.src.test_impact_analyzer.TestFaultType" name="test_fault_type_string_conversion" time="0.003" /><testcase classname="tests.src.test_impact_analyzer.TestEvidenceType" name="test_all_evidence_types_exist" time="0.004" /><testcase classname="tests.src.test_impact_analyzer.TestImpactRules" name="test_all_fault_types_have_rules" time="0.004" /><testcase classname="tests.src.test_impact_analyzer.TestImpactRules" name="test_adultery_rule" time="0.003" /><testcase classname="tests.src.test_impact_analyzer.TestImpactRules" name="test_violence_rule" time="0.003" /><testcase classname="tests.src.test_impact_analyzer.TestImpactRules" name="test_base_impact_less_than_max" time="0.004" /><testcase classname="tests.src.test_impact_analyzer.TestGetImpactRule" name="test_valid_fault_type" time="0.004" /><testcase classname="tests.src.test_impact_analyzer.TestGetImpactRule" name="test_invalid_fault_type" time="0.003" /><testcase classname="tests.src.test_impact_analyzer.TestCalculateEvidenceWeight" name="test_known_combination" time="0.004" /><testcase classname="tests.src.test_impact_analyzer.TestCalculateEvidenceWeight" name="test_unknown_evidence_type" time="0.003" /><testcase classname="tests.src.test_impact_analyzer.TestCalculateEvidenceWeight" name="test_unknown_fault_type" time="0.003" /><testcase classname="tests.src.test_impact_analyzer.TestCalculateSingleImpact" name="test_basic_calculation" time="0.004" /><testcase classname="tests.src.test_impact_analyzer.TestCalculateSingleImpact" name="test_confidence_scaling" time="0.004" /><testcase classname="tests.src.test_impact_analyzer.TestCalculateSingleImpact" name="test_max_impact_limit" time="0.004" /><testcase classname="tests.src.test_impact_analyzer.TestCalculateSingleImpact" name="test_unknown_fault_returns_zero" time="0.004" /><testcase classname="tests.src.test_impact_analyzer.TestMapLegalCategoryToFault" name="test_known_mappings" time="0.003" /><testcase classname="tests.src.test_impact_analyzer.TestMapLegalCategoryToFault" name="test_unknown_mapping" time="0.003" /><testcase classname="tests.src.test_impact_analyzer.TestGetAllTypes" name="test_get_all_fault_types" time="0.003" /><testcase classname="tests.src.test_impact_analyzer.TestGetAllTypes" name="test_get_all_evidence_types" time="0.005" /><testcase classname="tests.src.test_impact_analyzer.TestImpactAnalyzerInit" name="test_basic_init" time="0.003" /><testcase classname="tests.src.test_impact_analyzer.TestImpactAnalyzerInit" name="test_init_with_qdrant" time="0.003" /><testcase classname="tests.src.test_impact_analyzer.TestAnalyzeSingleEvidence" name="test_analyze_adultery_evidence" time="0.004" /><testcase classname="tests.src.test_impact_analyzer.TestAnalyzeSingleEvidence" name="test_analyze_no_legal_categories" time="0.004" /><testcase classname="tests.src.test_impact_analyzer.TestAnalyzeSingleEvidence" name="test_analyze_unknown_category" time="0.003" /><testcase classname="tests.src.test_impact_analyzer.TestAnalyzeSingleEvidence" name="test_multiple_categories_picks_highest" time="0.004" /><testcase classname="tests.src.test_impact_analyzer.TestAnalyzeEvidenceBatch" name="test_batch_analysis" time="0.004" /><testcase classname="tests.src.test_impact_analyzer.TestAnalyzeEvidenceBatch" name="test_empty_batch" time="0.004" /><testcase classname="tests.src.test_impact_analyzer.TestCalculatePrediction" name="test_basic_prediction" time="0.025" /><testcase classname="tests.src.test_impact_analyzer.TestCalculatePrediction" name="test_prediction_with_no_evidence" time="0.003" /><testcase classname="tests.src.test_impact_analyzer.TestCalculatePrediction" name="test_prediction_ratio_bounds" time="0.024" /><testcase classname="tests.src.test_impact_analyzer.TestTotalImpactCalculation" name="test_same_fault_diminishing_returns" time="0.082" /><testcase classname="tests.src.test_impact_analyzer.TestSimilarCases" name="test_similar_cases_returned" time="0.024" /><testcase classname="tests.src.test_impact_analyzer.TestSimilarCases" name="test_multiple_fault_types_similar_cases" time="0.028" /><testcase classname="tests.src.test_impact_analyzer.TestSimilarCases" name="test_no_evidence_no_similar_cases" time="0.003" /><testcase classname="tests.src.test_impact_analyzer.TestConfidenceLevel" name="test_low_confidence" time="0.022" /><testcase classname="tests.src.test_impact_analyzer.TestConfidenceLevel" name="test_high_confidence" time="0.023" /><testcase classname="tests.src.test_impact_analyzer.TestDataclassConversion" name="test_evidence_impact_to_dict" time="0.003" /><testcase classname="tests.src.test_impact_analyzer.TestDataclassConversion" name="test_similar_case_to_dict" time="0.003" /><testcase classname="tests.src.test_impact_analyzer.TestDataclassConversion" name="test_division_prediction_to_dict" time="0.004" /><testcase classname="tests.src.test_impact_analyzer.TestAnalyzeCaseImpactFunction" name="test_basic_usage" time="0.023" /><testcase classname="tests.src.test_impact_analyzer.TestObjectiveTone" name="test_reason_uses_objective_tone" time="0.003" /><testcase classname="tests.src.test_keypoint_extractor.TestKeypointSchemas" name="test_evidence_extract_creation" time="0.004" /><testcase classname="tests.src.test_keypoint_extractor.TestKeypointSchemas" name="test_keypoint_creation" time="0.003" /><testcase classname="tests.src.test_keypoint_extractor.TestKeypointSchemas" name="test_keypoint_extraction_result" time="0.003" /><testcase classname="tests.src.test_keypoint_extractor.TestKeypointSchemas" name="test_legal_ground_codes_constant" time="0.004" /><testcase classname="tests.src.test_keypoint_extractor.TestKeypointExtractor" name="test_extractor_initialization" time="0.004" /><testcase classname="tests.src.test_keypoint_extractor.TestKeypointExtractor" name="test_extractor_requires_api_key" time="0.004" /><testcase classname="tests.src.test_keypoint_extractor.TestKeypointExtractor" name="test_from_legal_analysis" time="0.005" /><testcase classname="tests.src.test_keypoint_extractor.TestKeypointExtractor" name="test_extract_with_gpt_success" time="0.005" /><testcase classname="tests.src.test_keypoint_extractor.TestKeypointExtractor" name="test_extract_with_gpt_empty_text" time="0.003" /><testcase classname="tests.src.test_keypoint_extractor.TestKeypointExtractor" name="test_deduplicate_keypoints" time="0.004" /><testcase classname="tests.src.test_keypoint_extractor.TestKeypointExtractor" name="test_category_to_ground_code_mapping" time="0.003" /><testcase classname="tests.src.test_keypoint_extractor.TestExtractKeypointsFromEvidence" name="test_extract_keypoints_from_evidence" time="0.003" /><testcase classname="tests.src.test_legal_analyzer.TestLegalAnalyzerInitialization" name="test_analyzer_creation_ai_mode" time="0.004" /><testcase classname="tests.src.test_legal_analyzer.TestLegalAnalyzerInitialization" name="test_analyzer_creation_keyword_mode" time="0.003" /><testcase classname="tests.src.test_legal_analyzer.TestLegalAnalyzerInitialization" name="test_analyzer_has_tagger_and_scorer" time="0.005" /><testcase classname="tests.src.test_legal_analyzer.TestLegalAnalyzerKeywordAnalysis" name="test_analyze_adultery" time="0.004" /><testcase classname="tests.src.test_legal_analyzer.TestLegalAnalyzerKeywordAnalysis" name="test_analyze_desertion" time="0.005" /><testcase classname="tests.src.test_legal_analyzer.TestLegalAnalyzerKeywordAnalysis" name="test_analyze_domestic_violence" time="0.003" /><testcase classname="tests.src.test_legal_analyzer.TestLegalAnalyzerKeywordAnalysis" name="test_analyze_financial_misconduct" time="0.003" /><testcase classname="tests.src.test_legal_analyzer.TestLegalAnalyzerKeywordAnalysis" name="test_analyze_general" time="0.005" /><testcase classname="tests.src.test_legal_analyzer.TestLegalAnalyzerConfidence" name="test_high_confidence_multiple_keywords" time="0.003" /><testcase classname="tests.src.test_legal_analyzer.TestLegalAnalyzerConfidence" name="test_low_confidence_vague_message" time="0.081" /><testcase classname="tests.src.test_legal_analyzer.TestLegalAnalyzerHumanReview" name="test_requires_review_low_confidence_important" time="0.006" /><testcase classname="tests.src.test_legal_analyzer.TestLegalAnalyzerBatch" name="test_analyze_and_update" time="0.003" /><testcase classname="tests.src.test_legal_analyzer.TestLegalAnalyzerBatch" name="test_analyze_batch" time="0.004" /><testcase classname="tests.src.test_legal_analyzer.TestLegalAnalyzerSummaryStats" name="test_empty_stats" time="0.003" /><testcase classname="tests.src.test_legal_analyzer.TestLegalAnalyzerSummaryStats" name="test_get_summary_stats" time="0.004" /><testcase classname="tests.src.test_legal_analyzer.TestScoreConversion" name="test_score_to_confidence_level_definitive" time="0.003" /><testcase classname="tests.src.test_legal_analyzer.TestScoreConversion" name="test_score_to_confidence_level_strong" time="0.004" /><testcase classname="tests.src.test_legal_analyzer.TestScoreConversion" name="test_score_to_confidence_level_suspicious" time="0.003" /><testcase classname="tests.src.test_legal_analyzer.TestScoreConversion" name="test_score_to_confidence_level_uncertain" time="0.005" /><testcase classname="tests.src.test_legal_analyzer.TestScoreConversion" name="test_score_to_confidence_level_weak" time="0.003" /><testcase classname="tests.src.test_legal_analyzer.TestScoreConversion" name="test_score_to_confidence_score" time="0.004" /><testcase classname="tests.src.test_legal_analyzer.TestCategoryMapping" name="test_category_mapping_complete" time="0.004" /><testcase classname="tests.src.test_legal_analyzer.TestConvenienceFunctions" name="test_analyze_chunk_function" time="0.003" /><testcase classname="tests.src.test_legal_analyzer.TestConvenienceFunctions" name="test_analyze_chunks_function" time="0.004" /><testcase classname="tests.src.test_legal_analyzer.TestLegalAnalyzerAIFallback" name="test_ai_fallback_without_api_key" time="0.003" /><testcase classname="tests.src.test_legal_parser.TestLegalParserInitialization" name="test_legal_parser_creation" time="0.003" /><testcase classname="tests.src.test_legal_parser.TestLegalParserInitialization" name="test_parser_has_components" time="0.003" /><testcase classname="tests.src.test_legal_parser.TestStatuteParser" name="test_parse_simple_statute" time="0.004" /><testcase classname="tests.src.test_legal_parser.TestStatuteParser" name="test_parse_statute_with_metadata" time="0.004" /><testcase classname="tests.src.test_legal_parser.TestStatuteParser" name="test_extract_statute_name" time="0.004" /><testcase classname="tests.src.test_legal_parser.TestStatuteParser" name="test_extract_article_number" time="0.003" /><testcase classname="tests.src.test_legal_parser.TestStatuteParser" name="test_parse_multiple_statutes" time="0.004" /><testcase classname="tests.src.test_legal_parser.TestCaseLawParser" name="test_parse_simple_case" time="0.003" /><testcase classname="tests.src.test_legal_parser.TestCaseLawParser" name="test_parse_case_with_date" time="0.005" /><testcase classname="tests.src.test_legal_parser.TestCaseLawParser" name="test_extract_case_number" time="0.003" /><testcase classname="tests.src.test_legal_parser.TestCaseLawParser" name="test_extract_court" time="0.005" /><testcase classname="tests.src.test_legal_parser.TestCaseLawParser" name="test_extract_summary" time="0.003" /><testcase classname="tests.src.test_legal_parser.TestCaseLawParser" name="test_parse_multiple_cases" time="0.004" /><testcase classname="tests.src.test_legal_parser.TestIntegration" name="test_parse_statute_through_main_parser" time="0.003" /><testcase classname="tests.src.test_legal_parser.TestIntegration" name="test_parse_case_through_main_parser" time="0.004" /><testcase classname="tests.src.test_legal_parser.TestEdgeCases" name="test_empty_statute_text" time="0.004" /><testcase classname="tests.src.test_legal_parser.TestEdgeCases" name="test_empty_case_text" time="0.004" /><testcase classname="tests.src.test_legal_parser.TestEdgeCases" name="test_malformed_statute" time="0.004" /><testcase classname="tests.src.test_legal_parser.TestEdgeCases" name="test_malformed_case" time="0.004" /><testcase classname="tests.src.test_legal_search.TestLegalSearchEngine" name="test_search_engine_creation" time="0.003" /><testcase classname="tests.src.test_legal_search.TestLegalSearchEngine" name="test_search" time="0.005" /><testcase classname="tests.src.test_legal_search.TestLegalSearchEngine" name="test_search_statutes_only" time="0.003" /><testcase classname="tests.src.test_legal_search.TestLegalSearchEngine" name="test_search_cases_only" time="0.004" /><testcase classname="tests.src.test_legal_vectorizer.TestLegalVectorizerInitialization" name="test_vectorizer_creation" time="0.004" /><testcase classname="tests.src.test_legal_vectorizer.TestLegalVectorizerInitialization" name="test_vectorizer_has_vector_store" time="0.003" /><testcase classname="tests.src.test_legal_vectorizer.TestStatuteVectorization" name="test_vectorize_statute" time="0.099" /><testcase classname="tests.src.test_legal_vectorizer.TestStatuteVectorization" name="test_vectorize_statute_metadata" time="0.003" /><testcase classname="tests.src.test_legal_vectorizer.TestCaseLawVectorization" name="test_vectorize_case_law" time="0.005" /><testcase classname="tests.src.test_legal_vectorizer.TestCaseLawVectorization" name="test_vectorize_case_metadata" time="0.006" /><testcase classname="tests.src.test_legal_vectorizer.TestBatchVectorization" name="test_vectorize_statutes_batch" time="0.004" /><testcase classname="tests.src.test_legal_vectorizer.TestBatchVectorization" name="test_vectorize_cases_batch" time="0.009" /><testcase classname="tests.src.test_legal_vectorizer.TestEdgeCases" name="test_empty_statute_content" time="0.005" /><testcase classname="tests.src.test_legal_vectorizer.TestEdgeCases" name="test_empty_case_summary" time="0.005" /><testcase classname="tests.src.test_logging.TestJSONFormatter" name="test_basic_log_is_json" time="0.003" /><testcase classname="tests.src.test_logging.TestJSONFormatter" name="test_korean_message" time="0.005" /><testcase classname="tests.src.test_logging.TestJSONFormatter" name="test_log_contains_module_info" time="0.003" /><testcase classname="tests.src.test_logging.TestJSONFormatter" name="test_log_contains_timestamp" time="0.005" /><testcase classname="tests.src.test_logging.TestJSONFormatter" name="test_log_with_exception" time="0.008" /><testcase classname="tests.src.test_logging.TestJSONFormatter" name="test_log_with_extra" time="0.004" /><testcase classname="tests.src.test_logging.TestConsoleFormatter" name="test_basic_format" time="0.004" /><testcase classname="tests.src.test_logging.TestConsoleFormatter" name="test_extra_fields_shown" time="0.004" /><testcase classname="tests.src.test_logging.TestParserLogContext" name="test_full_context" time="0.004" /><testcase classname="tests.src.test_logging.TestParserLogContext" name="test_to_dict_excludes_none" time="0.004" /><testcase classname="tests.src.test_logging.TestAnalysisLogContext" name="test_to_dict" time="0.004" /><testcase classname="tests.src.test_logging.TestSetupLogging" name="test_setup_debug_level" time="0.005" /><testcase classname="tests.src.test_logging.TestSetupLogging" name="test_setup_default" time="0.003" /><testcase classname="tests.src.test_logging.TestSetupLogging" name="test_setup_json_output" time="0.004" /><testcase classname="tests.src.test_logging.TestGetLogger" name="test_get_named_logger" time="0.003" /><testcase classname="tests.src.test_logging.TestGetLogger" name="test_logger_hierarchy" time="0.005" /><testcase classname="tests.src.test_logging.TestLogHelpers" name="test_log_parser_complete" time="0.004" /><testcase classname="tests.src.test_logging.TestLogHelpers" name="test_log_parser_error" time="0.005" /><testcase classname="tests.src.test_logging.TestLogHelpers" name="test_log_parser_start" time="0.007" /><testcase classname="tests.src.test_logging.TestLogWithTiming" name="test_timing_decorator_error" time="0.007" /><testcase classname="tests.src.test_logging.TestLogWithTiming" name="test_timing_decorator_success" time="0.006" /><testcase classname="tests.src.test_logging.TestLoggingConfig" name="test_config_has_parser_logger" time="0.004" /><testcase classname="tests.src.test_logging.TestLoggingConfig" name="test_config_structure" time="0.005" /><testcase classname="tests.src.test_metadata_store.TestMetadataStoreInitialization" name="test_metadata_store_creation" time="0.011" /><testcase classname="tests.src.test_metadata_store.TestMetadataStoreInitialization" name="test_metadata_store_with_custom_params" time="0.011" /><testcase classname="tests.src.test_metadata_store.TestEvidenceFileOperations" name="test_save_evidence_file" time="0.009" /><testcase classname="tests.src.test_metadata_store.TestEvidenceFileOperations" name="test_get_evidence_file" time="0.008" /><testcase classname="tests.src.test_metadata_store.TestEvidenceFileOperations" name="test_get_nonexistent_file" time="0.009" /><testcase classname="tests.src.test_metadata_store.TestEvidenceFileOperations" name="test_get_files_by_case_id" time="0.106" /><testcase classname="tests.src.test_metadata_store.TestEvidenceFileOperations" name="test_delete_evidence_file" time="0.005" /><testcase classname="tests.src.test_metadata_store.TestEvidenceChunkOperations" name="test_save_evidence_chunk" time="0.005" /><testcase classname="tests.src.test_metadata_store.TestEvidenceChunkOperations" name="test_save_multiple_chunks" time="0.009" /><testcase classname="tests.src.test_metadata_store.TestEvidenceChunkOperations" name="test_get_chunk" time="0.008" /><testcase classname="tests.src.test_metadata_store.TestEvidenceChunkOperations" name="test_get_chunks_by_case_id" time="0.011" /><testcase classname="tests.src.test_metadata_store.TestEvidenceChunkOperations" name="test_update_chunk_score" time="0.005" /><testcase classname="tests.src.test_metadata_store.TestEvidenceChunkOperations" name="test_delete_evidence_chunk" time="0.004" /><testcase classname="tests.src.test_metadata_store.TestStatistics" name="test_count_files_by_case" time="0.006" /><testcase classname="tests.src.test_metadata_store.TestStatistics" name="test_count_chunks_by_case" time="0.006" /><testcase classname="tests.src.test_metadata_store.TestStatistics" name="test_get_case_summary" time="0.004" /><testcase classname="tests.src.test_metadata_store.TestCaseManagement" name="test_list_cases" time="0.006" /><testcase classname="tests.src.test_metadata_store.TestCaseManagement" name="test_delete_case" time="0.005" /><testcase classname="tests.src.test_observability.TestProcessingStage" name="test_stage_values" time="0.003" /><testcase classname="tests.src.test_observability.TestProcessingStage" name="test_stage_string_conversion" time="0.004" /><testcase classname="tests.src.test_observability.TestErrorType" name="test_error_type_values" time="0.004" /><testcase classname="tests.src.test_observability.TestClassifyException" name="test_classify_timeout_error" time="0.004" /><testcase classname="tests.src.test_observability.TestClassifyException" name="test_classify_rate_limit_error" time="0.003" /><testcase classname="tests.src.test_observability.TestClassifyException" name="test_classify_parse_error" time="0.003" /><testcase classname="tests.src.test_observability.TestClassifyException" name="test_classify_permission_error" time="0.004" /><testcase classname="tests.src.test_observability.TestClassifyException" name="test_classify_validation_error" time="0.003" /><testcase classname="tests.src.test_observability.TestClassifyException" name="test_classify_unknown_error" time="0.005" /><testcase classname="tests.src.test_observability.TestClassifyException" name="test_classify_api_error_from_message" time="0.003" /><testcase classname="tests.src.test_observability.TestClassifyException" name="test_classify_storage_error" time="0.004" /><testcase classname="tests.src.test_observability.TestStageMetrics" name="test_stage_metrics_creation" time="0.003" /><testcase classname="tests.src.test_observability.TestStageMetrics" name="test_stage_metrics_complete" time="0.016" /><testcase classname="tests.src.test_observability.TestStageMetrics" name="test_stage_metrics_complete_failure" time="0.005" /><testcase classname="tests.src.test_observability.TestStageMetrics" name="test_stage_metrics_to_dict" time="0.003" /><testcase classname="tests.src.test_observability.TestJobContext" name="test_job_context_creation" time="0.004" /><testcase classname="tests.src.test_observability.TestJobContext" name="test_job_context_to_log_context" time="0.004" /><testcase classname="tests.src.test_observability.TestJobContext" name="test_job_context_to_full_dict" time="0.004" /><testcase classname="tests.src.test_observability.TestJobTracker" name="test_job_tracker_creation" time="0.004" /><testcase classname="tests.src.test_observability.TestJobTracker" name="test_job_tracker_auto_job_id" time="0.004" /><testcase classname="tests.src.test_observability.TestJobTracker" name="test_job_tracker_from_s3_event" time="0.004" /><testcase classname="tests.src.test_observability.TestJobTracker" name="test_job_tracker_set_case_id" time="0.004" /><testcase classname="tests.src.test_observability.TestJobTracker" name="test_job_tracker_set_file_info" time="0.003" /><testcase classname="tests.src.test_observability.TestJobTracker" name="test_job_tracker_stage_success" time="0.004" /><testcase classname="tests.src.test_observability.TestJobTracker" name="test_job_tracker_stage_failure" time="0.003" /><testcase classname="tests.src.test_observability.TestJobTracker" name="test_job_tracker_record_error" time="0.004" /><testcase classname="tests.src.test_observability.TestJobTracker" name="test_job_tracker_get_summary" time="0.004" /><testcase classname="tests.src.test_observability.TestJobTracker" name="test_job_tracker_multiple_stages" time="0.129" /><testcase classname="tests.src.test_observability.TestLogJobEvent" name="test_log_job_event_basic" time="0.004" /><testcase classname="tests.src.test_observability.TestLogJobEvent" name="test_log_job_event_with_error" time="0.004" /><testcase classname="tests.src.test_observability.TestLogJobEvent" name="test_log_job_event_with_metadata" time="0.004" /><testcase classname="tests.src.test_observability.TestStageTrackerLogging" name="test_stage_tracker_log" time="0.004" /><testcase classname="tests.src.test_observability.TestStageTrackerLogging" name="test_stage_tracker_log_levels" time="0.004" /><testcase classname="tests.src.test_observability.TestIntegration" name="test_full_job_workflow" time="0.005" /><testcase classname="tests.src.test_observability.TestIntegration" name="test_job_with_error_workflow" time="0.003" /><testcase classname="tests.src.test_parsers.TestMessage" name="test_message_creation" time="0.004" /><testcase classname="tests.src.test_parsers.TestMessage" name="test_message_optional_fields" time="0.003" /><testcase classname="tests.src.test_parsers.TestMessage" name="test_message_score_validation" time="0.003" /><testcase classname="tests.src.test_parsers.TestMessage" name="test_message_invalid_score_raises_error" time="0.004" /><testcase classname="tests.src.test_parsers.TestBaseParser" name="test_base_parser_cannot_be_instantiated" time="0.003" /><testcase classname="tests.src.test_parsers.TestBaseParser" name="test_base_parser_requires_parse_implementation" time="0.005" /><testcase classname="tests.src.test_parsers.TestBaseParser" name="test_base_parser_concrete_implementation" time="0.003" /><testcase classname="tests.src.test_parsers.TestBaseParser" name="test_validate_file_exists_method" time="0.005" /><testcase classname="tests.src.test_parsers.TestBaseParser" name="test_get_file_extension_method" time="0.005" /><testcase classname="tests.src.test_parsers.TestKakaoTalkParser" name="test_parser_instantiation" time="0.003" /><testcase classname="tests.src.test_parsers.TestKakaoTalkParser" name="test_parse_file_returns_message_list" time="0.004" /><testcase classname="tests.src.test_parsers.TestKakaoTalkParser" name="test_parse_korean_datetime" time="0.003" /><testcase classname="tests.src.test_parsers.TestKakaoTalkParser" name="test_parse_sender_and_content" time="0.004" /><testcase classname="tests.src.test_parsers.TestKakaoTalkParser" name="test_parse_multiline_message" time="0.004" /><testcase classname="tests.src.test_parsers.TestKakaoTalkParser" name="test_parse_message_count" time="0.003" /><testcase classname="tests.src.test_parsers.TestKakaoTalkParser" name="test_parse_am_pm_conversion" time="0.005" /><testcase classname="tests.src.test_parsers.TestKakaoTalkParser" name="test_parse_excludes_header" time="0.003" /><testcase classname="tests.src.test_parsers.TestKakaoTalkParser" name="test_parse_invalid_file_raises_error" time="0.004" /><testcase classname="tests.src.test_parsers.TestKakaoTalkParser" name="test_metadata_contains_file_type" time="0.004" /><testcase classname="tests.src.test_parsers.TestTextParser" name="test_parser_instantiation" time="0.003" /><testcase classname="tests.src.test_parsers.TestTextParser" name="test_parse_text_file_returns_message" time="0.004" /><testcase classname="tests.src.test_parsers.TestTextParser" name="test_parse_text_content" time="0.004" /><testcase classname="tests.src.test_parsers.TestTextParser" name="test_parse_text_sender_is_system" time="0.004" /><testcase classname="tests.src.test_parsers.TestTextParser" name="test_parse_text_timestamp_is_current" time="0.004" /><testcase classname="tests.src.test_parsers.TestTextParser" name="test_parse_text_metadata" time="0.004" /><testcase classname="tests.src.test_parsers.TestTextParser" name="test_parse_invalid_file_raises_error" time="0.004" /><testcase classname="tests.src.test_parsers.TestTextParser" name="test_parse_preserves_newlines" time="0.003" /><testcase classname="tests.src.test_parsers.TestTextParser" name="test_parse_supports_txt_extension" time="0.004" /><testcase classname="tests.src.test_pdf_parser.TestPDFParserInitialization" name="test_parser_creation" time="0.003" /><testcase classname="tests.src.test_pdf_parser.TestPDFParserInitialization" name="test_parser_is_base_parser" time="0.004" /><testcase classname="tests.src.test_pdf_parser.TestPDFParsing" name="test_parse_simple_pdf" time="0.089" /><testcase classname="tests.src.test_pdf_parser.TestPDFParsing" name="test_parse_creates_messages" time="0.004" /><testcase classname="tests.src.test_pdf_parser.TestPDFParsing" name="test_parse_with_metadata" time="0.005" /><testcase classname="tests.src.test_pdf_parser.TestPageNumbering" name="test_page_numbers_in_content" time="0.004" /><testcase classname="tests.src.test_pdf_parser.TestMultiPagePDF" name="test_parse_multi_page_pdf" time="0.006" /><testcase classname="tests.src.test_pdf_parser.TestEdgeCases" name="test_empty_pages" time="0.006" /><testcase classname="tests.src.test_pdf_parser.TestEdgeCases" name="test_invalid_file_path" time="0.003" /><testcase classname="tests.src.test_pdf_parser.TestEdgeCases" name="test_pdf_read_error" time="0.005" /><testcase classname="tests.src.test_pdf_parser.TestTextExtraction" name="test_korean_text_extraction" time="0.004" /><testcase classname="tests.src.test_pdf_parser.TestTextExtraction" name="test_whitespace_handling" time="0.004" /><testcase classname="tests.src.test_person_extractor.TestPersonExtractorInit" name="test_default_init" time="0.032" /><testcase classname="tests.src.test_person_extractor.TestPersonExtractorInit" name="test_custom_init" time="0.005" /><testcase classname="tests.src.test_person_extractor.TestRoleKeywordExtraction" name="test_plaintiff_keywords" time="0.004" /><testcase classname="tests.src.test_person_extractor.TestRoleKeywordExtraction" name="test_defendant_keywords" time="0.003" /><testcase classname="tests.src.test_person_extractor.TestRoleKeywordExtraction" name="test_child_keywords" time="0.004" /><testcase classname="tests.src.test_person_extractor.TestRoleKeywordExtraction" name="test_in_law_keywords" time="0.003" /><testcase classname="tests.src.test_person_extractor.TestRoleKeywordExtraction" name="test_third_party_keywords" time="0.004" /><testcase classname="tests.src.test_person_extractor.TestKoreanNameExtraction" name="test_two_syllable_name" time="0.004" /><testcase classname="tests.src.test_person_extractor.TestKoreanNameExtraction" name="test_three_syllable_name" time="0.004" /><testcase classname="tests.src.test_person_extractor.TestKoreanNameExtraction" name="test_common_word_filtered" time="0.003" /><testcase classname="tests.src.test_person_extractor.TestKoreanNameExtraction" name="test_multiple_names" time="0.005" /><testcase classname="tests.src.test_person_extractor.TestAnonymizedNameExtraction" name="test_oo_pattern" time="0.003" /><testcase classname="tests.src.test_person_extractor.TestAnonymizedNameExtraction" name="test_xx_pattern" time="0.004" /><testcase classname="tests.src.test_person_extractor.TestAnonymizedNameExtraction" name="test_disabled_anonymized" time="0.003" /><testcase classname="tests.src.test_person_extractor.TestSpeakerExtraction" name="test_bracket_speaker" time="0.004" /><testcase classname="tests.src.test_person_extractor.TestSpeakerExtraction" name="test_colon_speaker" time="0.003" /><testcase classname="tests.src.test_person_extractor.TestSpeakerExtraction" name="test_time_filtered" time="0.003" /><testcase classname="tests.src.test_person_extractor.TestMessageExtraction" name="test_extract_from_messages" time="0.003" /><testcase classname="tests.src.test_person_extractor.TestMessageExtraction" name="test_sender_high_confidence" time="0.003" /><testcase classname="tests.src.test_person_extractor.TestContextRoleInference" name="test_affair_context" time="0.004" /><testcase classname="tests.src.test_person_extractor.TestContextRoleInference" name="test_child_context" time="0.003" /><testcase classname="tests.src.test_person_extractor.TestConvenienceFunctions" name="test_extract_persons" time="0.004" /><testcase classname="tests.src.test_person_extractor.TestConvenienceFunctions" name="test_extract_persons_from_messages" time="0.003" /><testcase classname="tests.src.test_person_extractor.TestPersonExtractionResult" name="test_to_dict" time="0.003" /><testcase classname="tests.src.test_person_extractor.TestPersonExtractionResult" name="test_role_counts" time="0.004" /><testcase classname="tests.src.test_person_extractor.TestExtractedPerson" name="test_to_dict" time="0.005" /><testcase classname="tests.src.test_person_extractor.TestExtractedPerson" name="test_hash_eq" time="0.091" /><testcase classname="tests.src.test_person_extractor.TestEdgeCases" name="test_empty_text" time="0.003" /><testcase classname="tests.src.test_person_extractor.TestEdgeCases" name="test_whitespace_only" time="0.004" /><testcase classname="tests.src.test_person_extractor.TestEdgeCases" name="test_no_persons" time="0.003" /><testcase classname="tests.src.test_person_extractor.TestEdgeCases" name="test_confidence_filtering" time="0.003" /><testcase classname="tests.src.test_person_extractor.TestConstants" name="test_role_keywords_coverage" time="0.004" /><testcase classname="tests.src.test_person_extractor.TestConstants" name="test_korean_surnames" time="0.004" /><testcase classname="tests.src.test_precedent_searcher.TestPrecedentCase" name="test_basic_creation" time="0.003" /><testcase classname="tests.src.test_precedent_searcher.TestPrecedentCase" name="test_to_dict" time="0.004" /><testcase classname="tests.src.test_precedent_searcher.TestFaultTypeQueries" name="test_all_fault_types_have_queries" time="0.003" /><testcase classname="tests.src.test_precedent_searcher.TestFaultTypeQueries" name="test_adultery_query_contains_keywords" time="0.003" /><testcase classname="tests.src.test_precedent_searcher.TestPrecedentSearcherInit" name="test_default_init" time="0.004" /><testcase classname="tests.src.test_precedent_searcher.TestPrecedentSearcherInit" name="test_custom_collection" time="0.003" /><testcase classname="tests.src.test_precedent_searcher.TestBuildQuery" name="test_single_fault_type" time="0.003" /><testcase classname="tests.src.test_precedent_searcher.TestBuildQuery" name="test_multiple_fault_types" time="0.003" /><testcase classname="tests.src.test_precedent_searcher.TestBuildQuery" name="test_empty_fault_types" time="0.002" /><testcase classname="tests.src.test_precedent_searcher.TestBuildQuery" name="test_unknown_fault_type" time="0.003" /><testcase classname="tests.src.test_precedent_searcher.TestExtractDivisionRatio" name="test_colon_format" time="0.003" /><testcase classname="tests.src.test_precedent_searcher.TestExtractDivisionRatio" name="test_korean_format" time="0.008" /><testcase classname="tests.src.test_precedent_searcher.TestExtractDivisionRatio" name="test_no_ratio_returns_default" time="0.003" /><testcase classname="tests.src.test_
[...]
07" /><testcase classname="tests.src.test_storage_manager.TestErrorHandling" name="test_process_nonexistent_file_raises_error" time="0.004" /><testcase classname="tests.src.test_storage_manager.TestErrorHandling" name="test_embedding_failure_rollback" time="0.092" /><testcase classname="tests.src.test_streaming_analyzer.TestStreamingConfig" name="test_default_config" time="0.003" /><testcase classname="tests.src.test_streaming_analyzer.TestStreamingConfig" name="test_custom_config" time="0.004" /><testcase classname="tests.src.test_streaming_analyzer.TestStreamingAnalyzerInitialization" name="test_analyzer_creation" time="0.003" /><testcase classname="tests.src.test_streaming_analyzer.TestStreamingAnalyzerInitialization" name="test_analyzer_with_config" time="0.005" /><testcase classname="tests.src.test_streaming_analyzer.TestStreamingAnalyzerInitialization" name="test_system_prompt_built" time="0.004" /><testcase classname="tests.src.test_streaming_analyzer.TestUserPromptBuilding" name="test_build_basic_prompt" time="0.003" /><testcase classname="tests.src.test_streaming_analyzer.TestUserPromptBuilding" name="test_build_prompt_with_context" time="0.004" /><testcase classname="tests.src.test_streaming_analyzer.TestUserPromptBuilding" name="test_build_prompt_with_source_location" time="0.003" /><testcase classname="tests.src.test_streaming_analyzer.TestResponseParsing" name="test_parse_valid_response" time="0.004" /><testcase classname="tests.src.test_streaming_analyzer.TestResponseParsing" name="test_parse_invalid_json" time="0.004" /><testcase classname="tests.src.test_streaming_analyzer.TestResponseParsing" name="test_parse_missing_fields" time="0.004" /><testcase classname="tests.src.test_streaming_analyzer.TestClientInitialization" name="test_client_lazy_initialization" time="0.004" /><testcase classname="tests.src.test_streaming_analyzer.TestClientInitialization" name="test_client_without_api_key" time="0.003" /><testcase classname="tests.src.test_streaming_analyzer.TestClientInitialization" name="test_client_with_api_key" time="0.005" /><testcase classname="tests.src.test_streaming_analyzer.TestStreamingAnalysis" name="test_analyze_stream_basic" time="0.005" /><testcase classname="tests.src.test_streaming_analyzer.TestStreamingAnalysis" name="test_analyze_with_callback" time="0.004" /><testcase classname="tests.src.test_streaming_analyzer.TestAsyncStreaming" name="test_analyze_stream_async" time="0.006" /><testcase classname="tests.src.test_streaming_analyzer.TestConvenienceFunctions" name="test_stream_analysis_function_exists" time="0.003" /><testcase classname="tests.src.test_streaming_analyzer.TestConvenienceFunctions" name="test_stream_analysis_function" time="0.005" /><testcase classname="tests.src.test_streaming_analyzer.TestSystemPrompt" name="test_system_prompt_contains_categories" time="0.004" /><testcase classname="tests.src.test_streaming_analyzer.TestSystemPrompt" name="test_system_prompt_contains_confidence_levels" time="0.003" /><testcase classname="tests.src.test_streaming_analyzer.TestSystemPrompt" name="test_system_prompt_json_format" time="0.003" /><testcase classname="tests.src.test_streaming_analyzer.TestErrorHandling" name="test_api_error_handling" time="0.004" /><testcase classname="tests.src.test_streaming_analyzer.TestErrorHandling" name="test_analysis_error_attributes" time="0.003" /><testcase classname="tests.src.test_summarizer.TestEvidenceSummarizerInitialization" name="test_summarizer_creation" time="0.004" /><testcase classname="tests.src.test_summarizer.TestEvidenceSummarizerInitialization" name="test_summarizer_with_custom_model" time="0.003" /><testcase classname="tests.src.test_summarizer.TestSummaryResultDataModel" name="test_summary_result_creation" time="0.004" /><testcase classname="tests.src.test_summarizer.TestSummaryResultDataModel" name="test_summary_result_default_values" time="0.003" /><testcase classname="tests.src.test_summarizer.TestConversationSummarization" name="test_summarize_conversation" time="0.004" /><testcase classname="tests.src.test_summarizer.TestConversationSummarization" name="test_summarize_long_conversation" time="0.005" /><testcase classname="tests.src.test_summarizer.TestDocumentSummarization" name="test_summarize_document" time="0.005" /><testcase classname="tests.src.test_summarizer.TestDocumentSummarization" name="test_summarize_short_document" time="0.004" /><testcase classname="tests.src.test_summarizer.TestEvidenceSummarization" name="test_summarize_evidence_collection" time="0.005" /><testcase classname="tests.src.test_summarizer.TestKeyPointExtraction" name="test_extract_key_points" time="0.005" /><testcase classname="tests.src.test_summarizer.TestSummaryLengthControl" name="test_summarize_with_max_words" time="0.004" /><testcase classname="tests.src.test_summarizer.TestEdgeCases" name="test_api_error_handling" time="0.088" /><testcase classname="tests.src.test_summarizer.TestEdgeCases" name="test_summarize_empty_messages" time="0.004" /><testcase classname="tests.src.test_summarizer.TestEdgeCases" name="test_summarize_single_message" time="0.004" /><testcase classname="tests.src.test_summarizer.TestMultiLanguageSupport" name="test_summarize_korean_content" time="0.004" /><testcase classname="tests.src.test_timeline_generator.TestTimelineGeneratorInitialization" name="test_generator_creation" time="0.004" /><testcase classname="tests.src.test_timeline_generator.TestTimelineGeneratorInitialization" name="test_generator_with_custom_length" time="0.003" /><testcase classname="tests.src.test_timeline_generator.TestTimelineEvent" name="test_event_creation" time="0.004" /><testcase classname="tests.src.test_timeline_generator.TestTimelineEvent" name="test_event_with_labels" time="0.003" /><testcase classname="tests.src.test_timeline_generator.TestTimelineEvent" name="test_event_to_dict" time="0.004" /><testcase classname="tests.src.test_timeline_generator.TestTimelineResult" name="test_result_creation" time="0.003" /><testcase classname="tests.src.test_timeline_generator.TestTimelineGeneratorGenerate" name="test_generate_from_chunks" time="0.005" /><testcase classname="tests.src.test_timeline_generator.TestTimelineGeneratorGenerate" name="test_generate_sorts_by_time" time="0.004" /><testcase classname="tests.src.test_timeline_generator.TestTimelineGeneratorGenerate" name="test_generate_skips_no_timestamp" time="0.005" /><testcase classname="tests.src.test_timeline_generator.TestTimelineGeneratorGenerate" name="test_generate_with_labels" time="0.006" /><testcase classname="tests.src.test_timeline_generator.TestTimelineGeneratorFromAnalysis" name="test_generate_from_analysis_results" time="0.003" /><testcase classname="tests.src.test_timeline_generator.TestTimelineGeneratorSignificance" name="test_key_evidence_detection" time="0.005" /><testcase classname="tests.src.test_timeline_generator.TestTimelineGeneratorSignificance" name="test_significance_calculation" time="0.005" /><testcase classname="tests.src.test_timeline_generator.TestTimelineGeneratorFilters" name="test_filter_by_date_range" time="0.003" /><testcase classname="tests.src.test_timeline_generator.TestTimelineGeneratorFilters" name="test_filter_by_labels" time="0.003" /><testcase classname="tests.src.test_timeline_generator.TestTimelineGeneratorFilters" name="test_filter_by_speaker" time="0.003" /><testcase classname="tests.src.test_timeline_generator.TestTimelineGeneratorFilters" name="test_get_key_events" time="0.005" /><testcase classname="tests.src.test_timeline_generator.TestTimelineEventType" name="test_infer_message_type" time="0.003" /><testcase classname="tests.src.test_timeline_generator.TestTimelineEventType" name="test_infer_document_type" time="0.005" /><testcase classname="tests.src.test_timeline_generator.TestTimelineEventType" name="test_infer_image_type" time="0.003" /><testcase classname="tests.src.test_timeline_generator.TestTimelineEventType" name="test_infer_audio_type" time="0.003" /><testcase classname="tests.src.test_tone_guidelines.TestToneGuidelinesConstants" name="test_guidelines_exists" time="0.004" /><testcase classname="tests.src.test_tone_guidelines.TestToneGuidelinesConstants" name="test_guidelines_contains_key_phrases" time="0.003" /><testcase classname="tests.src.test_tone_guidelines.TestToneGuidelinesConstants" name="test_disclaimer_exists" time="0.003" /><testcase classname="tests.src.test_tone_guidelines.TestToneGuidelinesConstants" name="test_forbidden_expressions_list" time="0.004" /><testcase classname="tests.src.test_tone_guidelines.TestToneGuidelinesConstants" name="test_forbidden_patterns_compiled" time="0.003" /><testcase classname="tests.src.test_tone_guidelines.TestValidateTone" name="test_valid_objective_tone" time="0.004" /><testcase classname="tests.src.test_tone_guidelines.TestValidateTone" name="test_invalid_imperative_tone" time="0.003" /><testcase classname="tests.src.test_tone_guidelines.TestValidateTone" name="test_invalid_advice_tone" time="0.003" /><testcase classname="tests.src.test_tone_guidelines.TestValidateTone" name="test_invalid_obligation_tone" time="0.003" /><testcase classname="tests.src.test_tone_guidelines.TestValidateTone" name="test_returns_specific_violations" time="0.005" /><testcase classname="tests.src.test_tone_guidelines.TestValidateTone" name="test_empty_text" time="0.003" /><testcase classname="tests.src.test_tone_guidelines.TestValidateTone" name="test_mixed_content" time="0.003" /><testcase classname="tests.src.test_tone_guidelines.TestObjectiveReasoningExample" name="test_example_exists" time="0.091" /><testcase classname="tests.src.test_tone_guidelines.TestObjectiveReasoningExample" name="test_example_contains_correct_incorrect" time="0.004" /><testcase classname="tests.src.test_tone_guidelines.TestRealWorldScenarios" name="test_evidence_summary_tone" time="0.005" /><testcase classname="tests.src.test_tone_guidelines.TestRealWorldScenarios" name="test_legal_analysis_tone" time="0.003" /><testcase classname="tests.src.test_tone_guidelines.TestRealWorldScenarios" name="test_ai_reasoning_tone" time="0.005" /><testcase classname="tests.src.test_tone_guidelines.TestEdgeCases" name="test_similar_but_valid_phrases" time="0.003" /><testcase classname="tests.src.test_tone_guidelines.TestEdgeCases" name="test_unicode_handling" time="0.004" /><testcase classname="tests.src.test_tone_guidelines.TestEdgeCases" name="test_multiline_text" time="0.004" /><testcase classname="tests.src.test_tone_guidelines.TestEdgeCases" name="test_long_text_performance" time="0.006" /><testcase classname="tests.src.test_vector_store.TestVectorStoreInitialization" name="test_vector_store_creation" time="0.003" /><testcase classname="tests.src.test_vector_store.TestVectorStoreInitialization" name="test_vector_store_with_custom_params" time="0.002" /><testcase classname="tests.src.test_vector_store.TestVectorStoreInitialization" name="test_requires_url" time="0.003" /><testcase classname="tests.src.test_vector_store.TestVectorStoreAddEvidence" name="test_add_single_evidence" time="0.004" /><testcase classname="tests.src.test_vector_store.TestVectorStoreAddEvidence" name="test_add_multiple_evidences" time="0.004" /><testcase classname="tests.src.test_vector_store.TestVectorStoreAddEvidence" name="test_add_chunk_with_metadata" time="0.004" /><testcase classname="tests.src.test_vector_store.TestVectorStoreSearch" name="test_search_by_embedding" time="0.004" /><testcase classname="tests.src.test_vector_store.TestVectorStoreSearch" name="test_search_with_case_filter" time="0.004" /><testcase classname="tests.src.test_vector_store.TestVectorStoreUtility" name="test_get_by_id" time="0.005" /><testcase classname="tests.src.test_vector_store.TestVectorStoreUtility" name="test_get_by_id_not_found" time="0.003" /><testcase classname="tests.src.test_vector_store.TestVectorStoreUtility" name="test_delete_by_id" time="0.004" /><testcase classname="tests.src.test_vector_store.TestVectorStoreUtility" name="test_count" time="0.003" /><testcase classname="tests.src.test_vector_store.TestCaseIsolation" name="test_count_by_case" time="0.003" /><testcase classname="tests.src.test_vector_store.TestCaseIsolation" name="test_delete_by_case" time="0.005" /><testcase classname="tests.src.test_vector_store.TestCaseIsolation" name="test_get_chunks_by_case" time="0.003" /><testcase classname="tests.src.test_vector_store.TestVectorStoreIntegration" name="test_real_add_and_search" time="0.000"><skipped type="pytest.skip" message="Integration tests skipped: real credentials not configured">/Users/admin/Documents/dev/leh/ai_worker/tests/src/test_vector_store.py:292: Integration tests skipped: real credentials not configured</skipped></testcase><testcase classname="tests.src.test_vector_store.TestVectorStoreHybridSearch" name="test_hybrid_search_basic" time="0.005" /><testcase classname="tests.src.test_vector_store.TestVectorStoreHybridSearch" name="test_hybrid_search_with_category_filter" time="0.003" /><testcase classname="tests.src.test_vector_store.TestVectorStoreHybridSearch" name="test_hybrid_search_with_confidence_filter" time="0.004" /><testcase classname="tests.src.test_vector_store.TestVectorStoreHybridSearch" name="test_hybrid_search_with_score_threshold" time="0.003" /><testcase classname="tests.src.test_vector_store.TestVectorStoreHybridSearch" name="test_hybrid_search_with_sender_filter" time="0.004" /><testcase classname="tests.src.test_vector_store.TestVectorStoreHybridSearch" name="test_create_hybrid_collection" time="0.004" /><testcase classname="tests.src.test_vector_store.TestVectorStoreHybridSearch" name="test_add_with_sparse" time="0.005" /><testcase classname="tests.test_handler.TestS3EventParsing" name="test_extract_bucket_and_key_from_valid_s3_event" time="0.004" /><testcase classname="tests.test_handler.TestS3EventParsing" name="test_handle_url_encoded_object_key_with_plus" time="0.003" /><testcase classname="tests.test_handler.TestS3EventParsing" name="test_handle_url_encoded_object_key_with_percent" time="0.004" /><testcase classname="tests.test_handler.TestS3EventParsing" name="test_ignore_non_s3_events" time="0.003" /><testcase classname="tests.test_handler.TestS3EventParsing" name="test_process_multiple_s3_records" time="0.003" /><testcase classname="tests.test_handler.TestUnsupportedFileTypes" name="test_skip_unsupported_file_extension" time="0.003" /><testcase classname="tests.test_handler.TestUnsupportedFileTypes" name="test_supported_file_extensions" time="0.003" /><testcase classname="tests.test_handler.TestUnsupportedFileTypes" name="test_unsupported_extensions_return_none" time="0.004" /><testcase classname="tests.test_handler.TestFileProcessing" name="test_download_file_from_s3" time="0.012" /><testcase classname="tests.test_handler.TestFileProcessing" name="test_execute_parser_on_downloaded_file" time="6.083" /><testcase classname="tests.test_handler.TestErrorHandling" name="test_handle_malformed_s3_record" time="0.006" /><testcase classname="tests.test_handler.TestErrorHandling" name="test_error_in_processing_returns_error_status" time="0.007" /><testcase classname="tests.test_handler.TestStorageAndAnalysisIntegration" name="test_save_metadata_to_store" time="0.007" /><testcase classname="tests.test_handler.TestStorageAndAnalysisIntegration" name="test_index_all_chunks_to_vector_store" time="0.847" /><testcase classname="tests.test_handler.TestStorageAndAnalysisIntegration" name="test_tag_all_messages_with_article_840" time="0.012" /><testcase classname="tests.test_handler.TestStorageAndAnalysisIntegration" name="test_return_complete_processing_result" time="0.008" /><testcase classname="tests.test_handler.TestE2EIntegration" name="test_extract_case_id_from_backend_format" time="0.003" /><testcase classname="tests.test_handler.TestE2EIntegration" name="test_extract_case_id_from_legacy_format" time="0.004" /><testcase classname="tests.test_handler.TestE2EIntegration" name="test_extract_case_id_fallback" time="0.003" /><testcase classname="tests.test_handler.TestE2EIntegration" name="test_extract_evidence_id_from_backend_format" time="0.004" /><testcase classname="tests.test_handler.TestE2EIntegration" name="test_extract_evidence_id_with_underscore_in_filename" time="0.004" /><testcase classname="tests.test_handler.TestE2EIntegration" name="test_extract_evidence_id_returns_none_for_legacy_format" time="0.004" /><testcase classname="tests.test_handler.TestE2EIntegration" name="test_extract_evidence_id_returns_none_for_non_ev_prefix" time="0.004" /><testcase classname="tests.test_integration_e2e.TestPDFProcessingE2E" name="test_pdf_upload_complete_pipeline" time="0.000"><skipped type="pytest.skip" message="Integration tests skipped: real credentials not configured">/Users/admin/Documents/dev/leh/ai_worker/tests/test_integration_e2e.py:21: Integration tests skipped: real credentials not configured</skipped></testcase><testcase classname="tests.test_integration_e2e.TestKakaoTalkProcessingE2E" name="test_kakaotalk_upload_complete_pipeline" time="0.000"><skipped type="pytest.skip" message="Integration tests skipped: real credentials not configured">/Users/admin/Documents/dev/leh/ai_worker/tests/test_integration_e2e.py:136: Integration tests skipped: real credentials not configured</skipped></testcase><testcase classname="tests.test_integration_e2e.TestImageProcessingE2E" name="test_image_upload_complete_pipeline" time="0.000"><skipped type="pytest.skip" message="Integration tests skipped: real credentials not configured">/Users/admin/Documents/dev/leh/ai_worker/tests/test_integration_e2e.py:279: Integration tests skipped: real credentials not configured</skipped></testcase><testcase classname="tests.test_integration_e2e.TestMultiFileProcessingE2E" name="test_multiple_files_batch_processing" time="0.000"><skipped type="pytest.skip" message="Integration tests skipped: real credentials not configured">/Users/admin/Documents/dev/leh/ai_worker/tests/test_integration_e2e.py:402: Integration tests skipped: real credentials not configured</skipped></testcase><testcase classname="tests.test_integration_e2e.TestErrorRecoveryE2E" name="test_partial_failure_recovery" time="0.000"><skipped type="pytest.skip" message="Integration tests skipped: real credentials not configured">/Users/admin/Documents/dev/leh/ai_worker/tests/test_integration_e2e.py:514: Integration tests skipped: real credentials not configured</skipped></testcase><testcase classname="tests.test_sensitive_logging.TestSensitiveDataLogging" name="test_sensitive_data_filter_regex" time="0.003" /><testcase classname="tests.test_sensitive_logging.TestSensitiveDataLogging" name="test_error_message_with_sensitive_content_sanitized" time="0.006" /><testcase classname="tests.test_sensitive_logging.TestSensitiveDataLogging" name="test_error_message_with_api_key_sanitized" time="0.010" /><testcase classname="tests.test_sensitive_logging.TestSensitiveDataLogging" name="test_aws_credentials_not_logged" time="0.006" /><testcase classname="tests.test_sensitive_logging.TestSensitiveDataLogging" name="test_parser_error_with_sensitive_message_sanitized" time="0.006" /><testcase classname="tests.test_sensitive_logging.TestSensitiveDataLogging" name="test_s3_event_with_user_ip_sanitized" time="0.005" /><testcase classname="tests.test_text_parser_kakao.TestKakaoTalkFormatDetection" name="test_detect_kakaotalk_format" time="0.004" /><testcase classname="tests.test_text_parser_kakao.TestKakaoTalkFormatDetection" name="test_plain_text_returns_single_message" time="0.004" /><testcase classname="tests.test_text_parser_kakao.TestKakaoTalkFormatDetection" name="test_kakaotalk_messages_have_correct_metadata" time="0.004" /><testcase classname="tests.test_text_parser_kakao.TestKakaoTalkFormatDetection" name="test_kakaotalk_detection_pattern" time="0.024" /><testcase classname="tests.test_text_parser_kakao.TestKakaoTalkFormatDetection" name="test_plain_text_detection_pattern" time="0.025" /></testsuite></testsuites>